INFO: [VRFC 10-163] Analyzing VHDL file "/mnt/home/gegi/usager/berb0401/Téléchargements/S4APP1-main/pb_APP_log_comb_E2022/pb_APP_log_comb.srcs/sources_1/imports/src/septSegments_encodeur.vhd" into library xil_defaultlib
INFO: [VRFC 10-3107] analyzing entity 'septSegments_encodeur'
INFO: [VRFC 10-163] Analyzing VHDL file "/mnt/home/gegi/usager/berb0401/Téléchargements/S4APP1-main/pb_APP_log_comb_E2022/pb_APP_log_comb.srcs/sources_1/imports/src/septSegments_refreshPmod.vhd" into library xil_defaultlib
INFO: [VRFC 10-3107] analyzing entity 'septSegments_refreshPmod'
INFO: [VRFC 10-163] Analyzing VHDL file "/mnt/home/gegi/usager/berb0401/Téléchargements/S4APP1-main/pb_APP_log_comb_E2022/pb_APP_log_comb.srcs/sources_1/imports/src/septSegments_Top.vhd" into library xil_defaultlib
INFO: [VRFC 10-3107] analyzing entity 'septSegments_Top'
INFO: [VRFC 10-163] Analyzing VHDL file "/mnt/home/gegi/usager/berb0401/Téléchargements/S4APP1-main/pb_APP_log_comb_E2022/pb_APP_log_comb.srcs/sources_1/imports/src/synchro_module_v2.vhd" into library xil_defaultlib
INFO: [VRFC 10-3107] analyzing entity 'synchro_module_v2'
INFO: [VRFC 10-163] Analyzing VHDL file "/mnt/home/gegi/usager/berb0401/Téléchargements/S4APP1-main/pb_APP_log_comb_E2022/pb_APP_log_comb.srcs/sources_1/imports/src/AppCombi_top.vhd" into library xil_defaultlib
INFO: [VRFC 10-3107] analyzing entity 'AppCombi_top'
INFO: [VRFC 10-163] Analyzing VHDL file "/mnt/home/gegi/usager/berb0401/Téléchargements/S4APP1-main/pb_APP_log_comb_E2022/pb_APP_log_comb.srcs/sources_1/new/Add4bits.vhd" into library xil_defaultlib
INFO: [VRFC 10-3107] analyzing entity 'Add4bits'
INFO: [VRFC 10-163] Analyzing VHDL file "/mnt/home/gegi/usager/berb0401/Téléchargements/S4APP1-main/pb_APP_log_comb_E2022/pb_APP_log_comb.srcs/sources_1/new/Add1bitA.vhd" into library xil_defaultlib
INFO: [VRFC 10-3107] analyzing entity 'Add1bitA'
INFO: [VRFC 10-163] Analyzing VHDL file "/mnt/home/gegi/usager/berb0401/Téléchargements/S4APP1-main/pb_APP_log_comb_E2022/pb_APP_log_comb.srcs/sources_1/new/Add1bitB.vhd" into library xil_defaultlib
INFO: [VRFC 10-3107] analyzing entity 'Add1bitB'
INFO: [VRFC 10-163] Analyzing VHDL file "/mnt/home/gegi/usager/berb0401/Téléchargements/S4APP1-main/pb_APP_log_comb_E2022/pb_APP_log_comb.srcs/sources_1/new/Decodeur3_8.vhd" into library xil_defaultlib
INFO: [VRFC 10-3107] analyzing entity 'Decodeur3_8'
INFO: [VRFC 10-163] Analyzing VHDL file "/mnt/home/gegi/usager/berb0401/Téléchargements/S4APP1-main/pb_APP_log_comb_E2022/pb_APP_log_comb.srcs/sources_1/new/Fct2_3.vhd" into library xil_defaultlib
INFO: [VRFC 10-3107] analyzing entity 'Fct2_3'
INFO: [VRFC 10-163] Analyzing VHDL file "/mnt/home/gegi/usager/berb0401/Téléchargements/S4APP1-main/pb_APP_log_comb_E2022/pb_APP_log_comb.srcs/sources_1/new/BIN2DualBCD_ns.vhd" into library xil_defaultlib
INFO: [VRFC 10-3107] analyzing entity 'BIN2DualBCD_ns'
INFO: [VRFC 10-163] Analyzing VHDL file "/mnt/home/gegi/usager/berb0401/Téléchargements/S4APP1-main/pb_APP_log_comb_E2022/pb_APP_log_comb.srcs/sources_1/new/BIN2DualBCD.vhd" into library xil_defaultlib
INFO: [VRFC 10-163] Analyzing VHDL file "/mnt/home/gegi/usager/berb0401/Téléchargements/S4APP1-main/pb_APP_log_comb_E2022/pb_APP_log_comb.srcs/sources_1/new/Moins_5.vhd" into library xil_defaultlib
INFO: [VRFC 10-3107] analyzing entity 'Moins_5'
INFO: [VRFC 10-163] Analyzing VHDL file "/mnt/home/gegi/usager/berb0401/Téléchargements/S4APP1-main/pb_APP_log_comb_E2022/pb_APP_log_comb.srcs/sources_1/new/Bouton2Bin.vhd" into library xil_defaultlib
INFO: [VRFC 10-3107] analyzing entity 'Bouton2Bin'
INFO: [VRFC 10-163] Analyzing VHDL file "/mnt/home/gegi/usager/berb0401/Téléchargements/S4APP1-main/pb_APP_log_comb_E2022/pb_APP_log_comb.srcs/sources_1/new/Bin2DualBCD_S.vhd" into library xil_defaultlib
INFO: [VRFC 10-3107] analyzing entity 'Bin2DualBCD_S'
INFO: [VRFC 10-163] Analyzing VHDL file "/mnt/home/gegi/usager/berb0401/Téléchargements/S4APP1-main/pb_APP_log_comb_E2022/pb_APP_log_comb.srcs/sources_1/new/TestBench_generique.vhd" into library xil_defaultlib
INFO: [VRFC 10-3107] analyzing entity 'Top_tb'
INFO: [VRFC 10-163] Analyzing VHDL file "/mnt/home/gegi/usager/berb0401/Téléchargements/S4APP1-main/pb_APP_log_comb_E2022/pb_APP_log_comb.srcs/sources_1/new/Parite.vhd" into library xil_defaultlib
INFO: [VRFC 10-3107] analyzing entity 'Parite'
INFO: [VRFC 10-163] Analyzing VHDL file "/mnt/home/gegi/usager/berb0401/Téléchargements/S4APP1-main/pb_APP_log_comb_E2022/pb_APP_log_comb.srcs/sim_1/imports/verif/AppCombi_top_tb.vhd" into library xil_defaultlib
INFO: [VRFC 10-3107] analyzing entity 'AppCombi_top_tb'
