#-----------------------------------------------------------
# Vivado v2020.2 (64-bit)
# SW Build 3064766 on Wed Nov 18 09:12:45 MST 2020
# IP Build 3064653 on Wed Nov 18 14:17:31 MST 2020
# Start of session at: Mon May  9 16:31:12 2022
# Process ID: 10220
# Current directory: C:/Users/antho/Documents/Programmes/S4APP1/pb_APP_log_comb_E2022
# Command line: vivado.exe -gui_launcher_event rodinguilauncherevent15552 C:\Users\antho\Documents\Programmes\S4APP1\pb_APP_log_comb_E2022\pb_APP_log_comb.xpr
# Log file: C:/Users/antho/Documents/Programmes/S4APP1/pb_APP_log_comb_E2022/vivado.log
# Journal file: C:/Users/antho/Documents/Programmes/S4APP1/pb_APP_log_comb_E2022\vivado.jou
#-----------------------------------------------------------
start_gui
open_project C:/Users/antho/Documents/Programmes/S4APP1/pb_APP_log_comb_E2022/pb_APP_log_comb.xpr
Scanning sources...
Finished scanning sources
INFO: [IP_Flow 19-234] Refreshing IP repositories
INFO: [IP_Flow 19-1704] No user IP repositories specified
INFO: [IP_Flow 19-2313] Loaded Vivado IP repository 'C:/Xilinx/Vivado/2020.2/data/ip'.
open_project: Time (s): cpu = 00:00:19 ; elapsed = 00:00:08 . Memory (MB): peak = 1095.555 ; gain = 0.000
launch_simulation
Command: launch_simulation 
INFO: [Vivado 12-5682] Launching behavioral simulation in 'C:/Users/antho/Documents/Programmes/S4APP1/pb_APP_log_comb_E2022/pb_APP_log_comb.sim/sim_1/behav/xsim'
INFO: [SIM-utils-51] Simulation object is 'sim_1'
INFO: [SIM-utils-54] Inspecting design source files for 'Parite_tb' in fileset 'sim_1'...
INFO: [USF-XSim-97] Finding global include files...
INFO: [USF-XSim-100] Fetching design files from 'sources_1'...(this may take a while)...
INFO: [USF-XSim-101] Fetching design files from 'sim_1'...
INFO: [USF-XSim-2] XSim::Compile design
INFO: [USF-XSim-61] Executing 'COMPILE and ANALYZE' step in 'C:/Users/antho/Documents/Programmes/S4APP1/pb_APP_log_comb_E2022/pb_APP_log_comb.sim/sim_1/behav/xsim'
"xvhdl --incr --relax -prj Parite_tb_vhdl.prj"
INFO: [VRFC 10-163] Analyzing VHDL file "C:/Users/antho/Documents/Programmes/S4APP1/pb_APP_log_comb_E2022/pb_APP_log_comb.srcs/sources_1/new/Parite.vhd" into library xil_defaultlib
INFO: [VRFC 10-3107] analyzing entity 'Parite'
INFO: [VRFC 10-163] Analyzing VHDL file "C:/Users/antho/Documents/Programmes/S4APP1/pb_APP_log_comb_E2022/pb_APP_log_comb.srcs/sim_1/new/Parite_tb.vhd" into library xil_defaultlib
INFO: [VRFC 10-3107] analyzing entity 'Parite_tb'
INFO: [USF-XSim-69] 'compile' step finished in '2' seconds
INFO: [USF-XSim-3] XSim::Elaborate design
INFO: [USF-XSim-61] Executing 'ELABORATE' step in 'C:/Users/antho/Documents/Programmes/S4APP1/pb_APP_log_comb_E2022/pb_APP_log_comb.sim/sim_1/behav/xsim'
"xelab -wto 6e88f38826214958bd01804f64fad5de --incr --debug typical --relax --mt 2 -L xil_defaultlib -L secureip --snapshot Parite_tb_behav xil_defaultlib.Parite_tb -log elaborate.log"
Vivado Simulator 2020.2
Copyright 1986-1999, 2001-2020 Xilinx, Inc. All Rights Reserved.
Running: C:/Xilinx/Vivado/2020.2/bin/unwrapped/win64.o/xelab.exe -wto 6e88f38826214958bd01804f64fad5de --incr --debug typical --relax --mt 2 -L xil_defaultlib -L secureip --snapshot Parite_tb_behav xil_defaultlib.Parite_tb -log elaborate.log 
Using 2 slave threads.
Starting static elaboration
Completed static elaboration
Starting simulation data flow analysis
Completed simulation data flow analysis
Time Resolution for simulation is 1ps
Compiling package std.standard
Compiling package std.textio
Compiling package ieee.std_logic_1164
Compiling package ieee.numeric_std
Compiling package unisim.vcomponents
Compiling architecture behavioral of entity xil_defaultlib.Parite [parite_default]
Compiling architecture behavioral of entity xil_defaultlib.parite_tb
Built simulation snapshot Parite_tb_behav

****** Webtalk v2020.2 (64-bit)
  **** SW Build 3064766 on Wed Nov 18 09:12:45 MST 2020
  **** IP Build 3064653 on Wed Nov 18 14:17:31 MST 2020
    ** Copyright 1986-2020 Xilinx, Inc. All Rights Reserved.

source C:/Users/antho/Documents/Programmes/S4APP1/pb_APP_log_comb_E2022/pb_APP_log_comb.sim/sim_1/behav/xsim/xsim.dir/Parite_tb_behav/webtalk/xsim_webtalk.tcl -notrace
INFO: [Common 17-206] Exiting Webtalk at Mon May  9 16:31:55 2022...
run_program: Time (s): cpu = 00:00:01 ; elapsed = 00:00:05 . Memory (MB): peak = 1095.555 ; gain = 0.000
INFO: [USF-XSim-69] 'elaborate' step finished in '6' seconds
INFO: [USF-XSim-4] XSim::Simulate design
INFO: [USF-XSim-61] Executing 'SIMULATE' step in 'C:/Users/antho/Documents/Programmes/S4APP1/pb_APP_log_comb_E2022/pb_APP_log_comb.sim/sim_1/behav/xsim'
INFO: [USF-XSim-98] *** Running xsim
   with args "Parite_tb_behav -key {Behavioral:sim_1:Functional:Parite_tb} -tclbatch {Parite_tb.tcl} -log {simulate.log}"
INFO: [USF-XSim-8] Loading simulator feature
Vivado Simulator 2020.2
Time resolution is 1 ps
source Parite_tb.tcl
# set curr_wave [current_wave_config]
# if { [string length $curr_wave] == 0 } {
#   if { [llength [get_objects]] > 0} {
#     add_wave /
#     set_property needs_save false [current_wave_config]
#   } else {
#      send_msg_id Add_Wave-1 WARNING "No top level signals found. Simulator will start without a wave window. If you want to open a wave window go to 'File->New Waveform Configuration' or type 'create_wave_config' in the TCL console."
#   }
# }
# run 1000ns
INFO: [USF-XSim-96] XSim completed. Design snapshot 'Parite_tb_behav' loaded.
INFO: [USF-XSim-97] XSim simulation ran for 1000ns
launch_simulation: Time (s): cpu = 00:00:15 ; elapsed = 00:00:13 . Memory (MB): peak = 1095.555 ; gain = 0.000
run all
close_sim
INFO: [Simtcl 6-16] Simulation closed
launch_simulation
Command: launch_simulation 
INFO: [Vivado 12-5682] Launching behavioral simulation in 'C:/Users/antho/Documents/Programmes/S4APP1/pb_APP_log_comb_E2022/pb_APP_log_comb.sim/sim_1/behav/xsim'
INFO: [SIM-utils-51] Simulation object is 'sim_1'
INFO: [SIM-utils-54] Inspecting design source files for 'Parite_tb' in fileset 'sim_1'...
INFO: [USF-XSim-97] Finding global include files...
INFO: [USF-XSim-100] Fetching design files from 'sources_1'...(this may take a while)...
INFO: [USF-XSim-101] Fetching design files from 'sim_1'...
INFO: [USF-XSim-2] XSim::Compile design
INFO: [USF-XSim-61] Executing 'COMPILE and ANALYZE' step in 'C:/Users/antho/Documents/Programmes/S4APP1/pb_APP_log_comb_E2022/pb_APP_log_comb.sim/sim_1/behav/xsim'
"xvhdl --incr --relax -prj Parite_tb_vhdl.prj"
INFO: [USF-XSim-69] 'compile' step finished in '2' seconds
INFO: [USF-XSim-3] XSim::Elaborate design
INFO: [USF-XSim-61] Executing 'ELABORATE' step in 'C:/Users/antho/Documents/Programmes/S4APP1/pb_APP_log_comb_E2022/pb_APP_log_comb.sim/sim_1/behav/xsim'
"xelab -wto 6e88f38826214958bd01804f64fad5de --incr --debug typical --relax --mt 2 -L xil_defaultlib -L secureip --snapshot Parite_tb_behav xil_defaultlib.Parite_tb -log elaborate.log"
Vivado Simulator 2020.2
Copyright 1986-1999, 2001-2020 Xilinx, Inc. All Rights Reserved.
Running: C:/Xilinx/Vivado/2020.2/bin/unwrapped/win64.o/xelab.exe -wto 6e88f38826214958bd01804f64fad5de --incr --debug typical --relax --mt 2 -L xil_defaultlib -L secureip --snapshot Parite_tb_behav xil_defaultlib.Parite_tb -log elaborate.log 
Using 2 slave threads.
Starting static elaboration
Completed static elaboration
INFO: [XSIM 43-4323] No Change in HDL. Linking previously generated obj files to create kernel
INFO: [USF-XSim-69] 'elaborate' step finished in '3' seconds
INFO: [USF-XSim-4] XSim::Simulate design
INFO: [USF-XSim-61] Executing 'SIMULATE' step in 'C:/Users/antho/Documents/Programmes/S4APP1/pb_APP_log_comb_E2022/pb_APP_log_comb.sim/sim_1/behav/xsim'
INFO: [USF-XSim-98] *** Running xsim
   with args "Parite_tb_behav -key {Behavioral:sim_1:Functional:Parite_tb} -tclbatch {Parite_tb.tcl} -log {simulate.log}"
INFO: [USF-XSim-8] Loading simulator feature
Vivado Simulator 2020.2
Time resolution is 1 ps
source Parite_tb.tcl
# set curr_wave [current_wave_config]
# if { [string length $curr_wave] == 0 } {
#   if { [llength [get_objects]] > 0} {
#     add_wave /
#     set_property needs_save false [current_wave_config]
#   } else {
#      send_msg_id Add_Wave-1 WARNING "No top level signals found. Simulator will start without a wave window. If you want to open a wave window go to 'File->New Waveform Configuration' or type 'create_wave_config' in the TCL console."
#   }
# }
# run 1000ns
INFO: [USF-XSim-96] XSim completed. Design snapshot 'Parite_tb_behav' loaded.
INFO: [USF-XSim-97] XSim simulation ran for 1000ns
launch_simulation: Time (s): cpu = 00:00:08 ; elapsed = 00:00:09 . Memory (MB): peak = 1095.555 ; gain = 0.000
relaunch_sim
Command: launch_simulation -simset sim_1 -mode behavioral
INFO: [Vivado 12-5682] Launching behavioral simulation in 'C:/Users/antho/Documents/Programmes/S4APP1/pb_APP_log_comb_E2022/pb_APP_log_comb.sim/sim_1/behav/xsim'
INFO: [SIM-utils-51] Simulation object is 'sim_1'
INFO: [SIM-utils-54] Inspecting design source files for 'Parite_tb' in fileset 'sim_1'...
INFO: [USF-XSim-97] Finding global include files...
INFO: [USF-XSim-100] Fetching design files from 'sources_1'...(this may take a while)...
INFO: [USF-XSim-101] Fetching design files from 'sim_1'...
INFO: [USF-XSim-2] XSim::Compile design
INFO: [USF-XSim-61] Executing 'COMPILE and ANALYZE' step in 'C:/Users/antho/Documents/Programmes/S4APP1/pb_APP_log_comb_E2022/pb_APP_log_comb.sim/sim_1/behav/xsim'
"xvhdl --incr --relax -prj Parite_tb_vhdl.prj"
INFO: [USF-XSim-69] 'compile' step finished in '1' seconds
Command: launch_simulation -simset sim_1 -mode behavioral
INFO: [Vivado 12-5682] Launching behavioral simulation in 'C:/Users/antho/Documents/Programmes/S4APP1/pb_APP_log_comb_E2022/pb_APP_log_comb.sim/sim_1/behav/xsim'
INFO: [USF-XSim-3] XSim::Elaborate design
INFO: [USF-XSim-61] Executing 'ELABORATE' step in 'C:/Users/antho/Documents/Programmes/S4APP1/pb_APP_log_comb_E2022/pb_APP_log_comb.sim/sim_1/behav/xsim'
"xelab -wto 6e88f38826214958bd01804f64fad5de --incr --debug typical --relax --mt 2 -L xil_defaultlib -L secureip --snapshot Parite_tb_behav xil_defaultlib.Parite_tb -log elaborate.log"
Vivado Simulator 2020.2
Copyright 1986-1999, 2001-2020 Xilinx, Inc. All Rights Reserved.
Running: C:/Xilinx/Vivado/2020.2/bin/unwrapped/win64.o/xelab.exe -wto 6e88f38826214958bd01804f64fad5de --incr --debug typical --relax --mt 2 -L xil_defaultlib -L secureip --snapshot Parite_tb_behav xil_defaultlib.Parite_tb -log elaborate.log 
Using 2 slave threads.
Starting static elaboration
Completed static elaboration
INFO: [XSIM 43-4323] No Change in HDL. Linking previously generated obj files to create kernel
INFO: [USF-XSim-69] 'elaborate' step finished in '2' seconds
Vivado Simulator 2020.2
Time resolution is 1 ps
relaunch_sim: Time (s): cpu = 00:00:03 ; elapsed = 00:00:09 . Memory (MB): peak = 1095.555 ; gain = 0.000
add_bp {C:/Users/antho/Documents/Programmes/S4APP1/pb_APP_log_comb_E2022/pb_APP_log_comb.srcs/sim_1/new/Parite_tb.vhd} 91
remove_bps -file {C:/Users/antho/Documents/Programmes/S4APP1/pb_APP_log_comb_E2022/pb_APP_log_comb.srcs/sim_1/new/Parite_tb.vhd} -line 91
run 10 ms
run 10 ms
restart
INFO: [Simtcl 6-17] Simulation restarted
run all
relaunch_sim
Command: launch_simulation -simset sim_1 -mode behavioral
INFO: [Vivado 12-5682] Launching behavioral simulation in 'C:/Users/antho/Documents/Programmes/S4APP1/pb_APP_log_comb_E2022/pb_APP_log_comb.sim/sim_1/behav/xsim'
INFO: [SIM-utils-51] Simulation object is 'sim_1'
INFO: [SIM-utils-54] Inspecting design source files for 'Parite_tb' in fileset 'sim_1'...
INFO: [USF-XSim-97] Finding global include files...
INFO: [USF-XSim-100] Fetching design files from 'sources_1'...(this may take a while)...
INFO: [USF-XSim-101] Fetching design files from 'sim_1'...
INFO: [USF-XSim-2] XSim::Compile design
INFO: [USF-XSim-61] Executing 'COMPILE and ANALYZE' step in 'C:/Users/antho/Documents/Programmes/S4APP1/pb_APP_log_comb_E2022/pb_APP_log_comb.sim/sim_1/behav/xsim'
"xvhdl --incr --relax -prj Parite_tb_vhdl.prj"
INFO: [VRFC 10-163] Analyzing VHDL file "C:/Users/antho/Documents/Programmes/S4APP1/pb_APP_log_comb_E2022/pb_APP_log_comb.srcs/sim_1/new/Parite_tb.vhd" into library xil_defaultlib
INFO: [VRFC 10-3107] analyzing entity 'Parite_tb'
INFO: [USF-XSim-69] 'compile' step finished in '3' seconds
Command: launch_simulation -simset sim_1 -mode behavioral
INFO: [Vivado 12-5682] Launching behavioral simulation in 'C:/Users/antho/Documents/Programmes/S4APP1/pb_APP_log_comb_E2022/pb_APP_log_comb.sim/sim_1/behav/xsim'
INFO: [USF-XSim-3] XSim::Elaborate design
INFO: [USF-XSim-61] Executing 'ELABORATE' step in 'C:/Users/antho/Documents/Programmes/S4APP1/pb_APP_log_comb_E2022/pb_APP_log_comb.sim/sim_1/behav/xsim'
"xelab -wto 6e88f38826214958bd01804f64fad5de --incr --debug typical --relax --mt 2 -L xil_defaultlib -L secureip --snapshot Parite_tb_behav xil_defaultlib.Parite_tb -log elaborate.log"
Vivado Simulator 2020.2
Copyright 1986-1999, 2001-2020 Xilinx, Inc. All Rights Reserved.
Running: C:/Xilinx/Vivado/2020.2/bin/unwrapped/win64.o/xelab.exe -wto 6e88f38826214958bd01804f64fad5de --incr --debug typical --relax --mt 2 -L xil_defaultlib -L secureip --snapshot Parite_tb_behav xil_defaultlib.Parite_tb -log elaborate.log 
Using 2 slave threads.
Starting static elaboration
Completed static elaboration
Starting simulation data flow analysis
Completed simulation data flow analysis
Time Resolution for simulation is 1ps
Compiling package std.standard
Compiling package std.textio
Compiling package ieee.std_logic_1164
Compiling package ieee.numeric_std
Compiling package unisim.vcomponents
Compiling architecture behavioral of entity xil_defaultlib.Parite [parite_default]
Compiling architecture behavioral of entity xil_defaultlib.parite_tb
Built simulation snapshot Parite_tb_behav
INFO: [USF-XSim-69] 'elaborate' step finished in '3' seconds
Vivado Simulator 2020.2
Time resolution is 1 ps
relaunch_sim: Time (s): cpu = 00:00:02 ; elapsed = 00:00:10 . Memory (MB): peak = 1095.555 ; gain = 0.000
relaunch_sim
Command: launch_simulation -simset sim_1 -mode behavioral
INFO: [Vivado 12-5682] Launching behavioral simulation in 'C:/Users/antho/Documents/Programmes/S4APP1/pb_APP_log_comb_E2022/pb_APP_log_comb.sim/sim_1/behav/xsim'
INFO: [SIM-utils-51] Simulation object is 'sim_1'
INFO: [SIM-utils-54] Inspecting design source files for 'Parite_tb' in fileset 'sim_1'...
INFO: [USF-XSim-97] Finding global include files...
INFO: [USF-XSim-100] Fetching design files from 'sources_1'...(this may take a while)...
INFO: [USF-XSim-101] Fetching design files from 'sim_1'...
INFO: [USF-XSim-2] XSim::Compile design
INFO: [USF-XSim-61] Executing 'COMPILE and ANALYZE' step in 'C:/Users/antho/Documents/Programmes/S4APP1/pb_APP_log_comb_E2022/pb_APP_log_comb.sim/sim_1/behav/xsim'
"xvhdl --incr --relax -prj Parite_tb_vhdl.prj"
INFO: [VRFC 10-163] Analyzing VHDL file "C:/Users/antho/Documents/Programmes/S4APP1/pb_APP_log_comb_E2022/pb_APP_log_comb.srcs/sim_1/new/Parite_tb.vhd" into library xil_defaultlib
INFO: [VRFC 10-3107] analyzing entity 'Parite_tb'
INFO: [USF-XSim-69] 'compile' step finished in '2' seconds
Command: launch_simulation -simset sim_1 -mode behavioral
INFO: [Vivado 12-5682] Launching behavioral simulation in 'C:/Users/antho/Documents/Programmes/S4APP1/pb_APP_log_comb_E2022/pb_APP_log_comb.sim/sim_1/behav/xsim'
INFO: [USF-XSim-3] XSim::Elaborate design
INFO: [USF-XSim-61] Executing 'ELABORATE' step in 'C:/Users/antho/Documents/Programmes/S4APP1/pb_APP_log_comb_E2022/pb_APP_log_comb.sim/sim_1/behav/xsim'
"xelab -wto 6e88f38826214958bd01804f64fad5de --incr --debug typical --relax --mt 2 -L xil_defaultlib -L secureip --snapshot Parite_tb_behav xil_defaultlib.Parite_tb -log elaborate.log"
Vivado Simulator 2020.2
Copyright 1986-1999, 2001-2020 Xilinx, Inc. All Rights Reserved.
Running: C:/Xilinx/Vivado/2020.2/bin/unwrapped/win64.o/xelab.exe -wto 6e88f38826214958bd01804f64fad5de --incr --debug typical --relax --mt 2 -L xil_defaultlib -L secureip --snapshot Parite_tb_behav xil_defaultlib.Parite_tb -log elaborate.log 
Using 2 slave threads.
Starting static elaboration
Completed static elaboration
Starting simulation data flow analysis
Completed simulation data flow analysis
Time Resolution for simulation is 1ps
Compiling package std.standard
Compiling package std.textio
Compiling package ieee.std_logic_1164
Compiling package ieee.numeric_std
Compiling package unisim.vcomponents
Compiling architecture behavioral of entity xil_defaultlib.Parite [parite_default]
Compiling architecture behavioral of entity xil_defaultlib.parite_tb
Built simulation snapshot Parite_tb_behav
INFO: [USF-XSim-69] 'elaborate' step finished in '4' seconds
Vivado Simulator 2020.2
Time resolution is 1 ps
relaunch_sim: Time (s): cpu = 00:00:01 ; elapsed = 00:00:09 . Memory (MB): peak = 1095.555 ; gain = 0.000
relaunch_sim
Command: launch_simulation -simset sim_1 -mode behavioral
INFO: [Vivado 12-5682] Launching behavioral simulation in 'C:/Users/antho/Documents/Programmes/S4APP1/pb_APP_log_comb_E2022/pb_APP_log_comb.sim/sim_1/behav/xsim'
INFO: [SIM-utils-51] Simulation object is 'sim_1'
INFO: [SIM-utils-54] Inspecting design source files for 'Parite_tb' in fileset 'sim_1'...
INFO: [USF-XSim-97] Finding global include files...
INFO: [USF-XSim-100] Fetching design files from 'sources_1'...(this may take a while)...
INFO: [USF-XSim-101] Fetching design files from 'sim_1'...
INFO: [USF-XSim-2] XSim::Compile design
INFO: [USF-XSim-61] Executing 'COMPILE and ANALYZE' step in 'C:/Users/antho/Documents/Programmes/S4APP1/pb_APP_log_comb_E2022/pb_APP_log_comb.sim/sim_1/behav/xsim'
"xvhdl --incr --relax -prj Parite_tb_vhdl.prj"
INFO: [VRFC 10-163] Analyzing VHDL file "C:/Users/antho/Documents/Programmes/S4APP1/pb_APP_log_comb_E2022/pb_APP_log_comb.srcs/sim_1/new/Parite_tb.vhd" into library xil_defaultlib
INFO: [VRFC 10-3107] analyzing entity 'Parite_tb'
INFO: [USF-XSim-69] 'compile' step finished in '3' seconds
Command: launch_simulation -simset sim_1 -mode behavioral
INFO: [Vivado 12-5682] Launching behavioral simulation in 'C:/Users/antho/Documents/Programmes/S4APP1/pb_APP_log_comb_E2022/pb_APP_log_comb.sim/sim_1/behav/xsim'
INFO: [USF-XSim-3] XSim::Elaborate design
INFO: [USF-XSim-61] Executing 'ELABORATE' step in 'C:/Users/antho/Documents/Programmes/S4APP1/pb_APP_log_comb_E2022/pb_APP_log_comb.sim/sim_1/behav/xsim'
"xelab -wto 6e88f38826214958bd01804f64fad5de --incr --debug typical --relax --mt 2 -L xil_defaultlib -L secureip --snapshot Parite_tb_behav xil_defaultlib.Parite_tb -log elaborate.log"
Vivado Simulator 2020.2
Copyright 1986-1999, 2001-2020 Xilinx, Inc. All Rights Reserved.
Running: C:/Xilinx/Vivado/2020.2/bin/unwrapped/win64.o/xelab.exe -wto 6e88f38826214958bd01804f64fad5de --incr --debug typical --relax --mt 2 -L xil_defaultlib -L secureip --snapshot Parite_tb_behav xil_defaultlib.Parite_tb -log elaborate.log 
Using 2 slave threads.
Starting static elaboration
Completed static elaboration
Starting simulation data flow analysis
Completed simulation data flow analysis
Time Resolution for simulation is 1ps
Compiling package std.standard
Compiling package std.textio
Compiling package ieee.std_logic_1164
Compiling package ieee.numeric_std
Compiling package unisim.vcomponents
Compiling architecture behavioral of entity xil_defaultlib.Parite [parite_default]
Compiling architecture behavioral of entity xil_defaultlib.parite_tb
Built simulation snapshot Parite_tb_behav
INFO: [USF-XSim-69] 'elaborate' step finished in '3' seconds
Vivado Simulator 2020.2
Time resolution is 1 ps
relaunch_sim: Time (s): cpu = 00:00:02 ; elapsed = 00:00:09 . Memory (MB): peak = 1095.555 ; gain = 0.000
relaunch_sim
Command: launch_simulation -simset sim_1 -mode behavioral
INFO: [Vivado 12-5682] Launching behavioral simulation in 'C:/Users/antho/Documents/Programmes/S4APP1/pb_APP_log_comb_E2022/pb_APP_log_comb.sim/sim_1/behav/xsim'
INFO: [SIM-utils-51] Simulation object is 'sim_1'
INFO: [SIM-utils-54] Inspecting design source files for 'Parite_tb' in fileset 'sim_1'...
INFO: [USF-XSim-97] Finding global include files...
INFO: [USF-XSim-100] Fetching design files from 'sources_1'...(this may take a while)...
INFO: [USF-XSim-101] Fetching design files from 'sim_1'...
INFO: [USF-XSim-2] XSim::Compile design
INFO: [USF-XSim-61] Executing 'COMPILE and ANALYZE' step in 'C:/Users/antho/Documents/Programmes/S4APP1/pb_APP_log_comb_E2022/pb_APP_log_comb.sim/sim_1/behav/xsim'
"xvhdl --incr --relax -prj Parite_tb_vhdl.prj"
INFO: [VRFC 10-163] Analyzing VHDL file "C:/Users/antho/Documents/Programmes/S4APP1/pb_APP_log_comb_E2022/pb_APP_log_comb.srcs/sim_1/new/Parite_tb.vhd" into library xil_defaultlib
INFO: [VRFC 10-3107] analyzing entity 'Parite_tb'
INFO: [USF-XSim-69] 'compile' step finished in '2' seconds
Command: launch_simulation -simset sim_1 -mode behavioral
INFO: [Vivado 12-5682] Launching behavioral simulation in 'C:/Users/antho/Documents/Programmes/S4APP1/pb_APP_log_comb_E2022/pb_APP_log_comb.sim/sim_1/behav/xsim'
INFO: [USF-XSim-3] XSim::Elaborate design
INFO: [USF-XSim-61] Executing 'ELABORATE' step in 'C:/Users/antho/Documents/Programmes/S4APP1/pb_APP_log_comb_E2022/pb_APP_log_comb.sim/sim_1/behav/xsim'
"xelab -wto 6e88f38826214958bd01804f64fad5de --incr --debug typical --relax --mt 2 -L xil_defaultlib -L secureip --snapshot Parite_tb_behav xil_defaultlib.Parite_tb -log elaborate.log"
Vivado Simulator 2020.2
Copyright 1986-1999, 2001-2020 Xilinx, Inc. All Rights Reserved.
Running: C:/Xilinx/Vivado/2020.2/bin/unwrapped/win64.o/xelab.exe -wto 6e88f38826214958bd01804f64fad5de --incr --debug typical --relax --mt 2 -L xil_defaultlib -L secureip --snapshot Parite_tb_behav xil_defaultlib.Parite_tb -log elaborate.log 
Using 2 slave threads.
Starting static elaboration
Completed static elaboration
Starting simulation data flow analysis
Completed simulation data flow analysis
Time Resolution for simulation is 1ps
Compiling package std.standard
Compiling package std.textio
Compiling package ieee.std_logic_1164
Compiling package ieee.numeric_std
Compiling package unisim.vcomponents
Compiling architecture behavioral of entity xil_defaultlib.Parite [parite_default]
Compiling architecture behavioral of entity xil_defaultlib.parite_tb
Built simulation snapshot Parite_tb_behav
INFO: [USF-XSim-69] 'elaborate' step finished in '4' seconds
Vivado Simulator 2020.2
Time resolution is 1 ps
relaunch_sim: Time (s): cpu = 00:00:02 ; elapsed = 00:00:10 . Memory (MB): peak = 1095.555 ; gain = 0.000
restart
INFO: [Simtcl 6-17] Simulation restarted
run all
relaunch_sim
Command: launch_simulation -simset sim_1 -mode behavioral
INFO: [Vivado 12-5682] Launching behavioral simulation in 'C:/Users/antho/Documents/Programmes/S4APP1/pb_APP_log_comb_E2022/pb_APP_log_comb.sim/sim_1/behav/xsim'
INFO: [SIM-utils-51] Simulation object is 'sim_1'
INFO: [SIM-utils-54] Inspecting design source files for 'Parite_tb' in fileset 'sim_1'...
INFO: [USF-XSim-97] Finding global include files...
INFO: [USF-XSim-100] Fetching design files from 'sources_1'...(this may take a while)...
INFO: [USF-XSim-101] Fetching design files from 'sim_1'...
INFO: [USF-XSim-2] XSim::Compile design
INFO: [USF-XSim-61] Executing 'COMPILE and ANALYZE' step in 'C:/Users/antho/Documents/Programmes/S4APP1/pb_APP_log_comb_E2022/pb_APP_log_comb.sim/sim_1/behav/xsim'
"xvhdl --incr --relax -prj Parite_tb_vhdl.prj"
INFO: [VRFC 10-163] Analyzing VHDL file "C:/Users/antho/Documents/Programmes/S4APP1/pb_APP_log_comb_E2022/pb_APP_log_comb.srcs/sim_1/new/Parite_tb.vhd" into library xil_defaultlib
INFO: [VRFC 10-3107] analyzing entity 'Parite_tb'
INFO: [USF-XSim-69] 'compile' step finished in '3' seconds
Command: launch_simulation -simset sim_1 -mode behavioral
INFO: [Vivado 12-5682] Launching behavioral simulation in 'C:/Users/antho/Documents/Programmes/S4APP1/pb_APP_log_comb_E2022/pb_APP_log_comb.sim/sim_1/behav/xsim'
INFO: [USF-XSim-3] XSim::Elaborate design
INFO: [USF-XSim-61] Executing 'ELABORATE' step in 'C:/Users/antho/Documents/Programmes/S4APP1/pb_APP_log_comb_E2022/pb_APP_log_comb.sim/sim_1/behav/xsim'
"xelab -wto 6e88f38826214958bd01804f64fad5de --incr --debug typical --relax --mt 2 -L xil_defaultlib -L secureip --snapshot Parite_tb_behav xil_defaultlib.Parite_tb -log elaborate.log"
Vivado Simulator 2020.2
Copyright 1986-1999, 2001-2020 Xilinx, Inc. All Rights Reserved.
Running: C:/Xilinx/Vivado/2020.2/bin/unwrapped/win64.o/xelab.exe -wto 6e88f38826214958bd01804f64fad5de --incr --debug typical --relax --mt 2 -L xil_defaultlib -L secureip --snapshot Parite_tb_behav xil_defaultlib.Parite_tb -log elaborate.log 
Using 2 slave threads.
Starting static elaboration
Completed static elaboration
Starting simulation data flow analysis
Completed simulation data flow analysis
Time Resolution for simulation is 1ps
Compiling package std.standard
Compiling package std.textio
Compiling package ieee.std_logic_1164
Compiling package ieee.numeric_std
Compiling package unisim.vcomponents
Compiling architecture behavioral of entity xil_defaultlib.Parite [parite_default]
Compiling architecture behavioral of entity xil_defaultlib.parite_tb
Built simulation snapshot Parite_tb_behav
INFO: [USF-XSim-69] 'elaborate' step finished in '3' seconds
Vivado Simulator 2020.2
Time resolution is 1 ps
relaunch_sim: Time (s): cpu = 00:00:02 ; elapsed = 00:00:10 . Memory (MB): peak = 1789.621 ; gain = 0.000
run all
restart
INFO: [Simtcl 6-17] Simulation restarted
run all
relaunch_sim
Command: launch_simulation -simset sim_1 -mode behavioral
INFO: [Vivado 12-5682] Launching behavioral simulation in 'C:/Users/antho/Documents/Programmes/S4APP1/pb_APP_log_comb_E2022/pb_APP_log_comb.sim/sim_1/behav/xsim'
INFO: [SIM-utils-51] Simulation object is 'sim_1'
INFO: [SIM-utils-54] Inspecting design source files for 'Parite_tb' in fileset 'sim_1'...
INFO: [USF-XSim-97] Finding global include files...
INFO: [USF-XSim-100] Fetching design files from 'sources_1'...(this may take a while)...
INFO: [USF-XSim-101] Fetching design files from 'sim_1'...
INFO: [USF-XSim-2] XSim::Compile design
INFO: [USF-XSim-61] Executing 'COMPILE and ANALYZE' step in 'C:/Users/antho/Documents/Programmes/S4APP1/pb_APP_log_comb_E2022/pb_APP_log_comb.sim/sim_1/behav/xsim'
"xvhdl --incr --relax -prj Parite_tb_vhdl.prj"
INFO: [VRFC 10-163] Analyzing VHDL file "C:/Users/antho/Documents/Programmes/S4APP1/pb_APP_log_comb_E2022/pb_APP_log_comb.srcs/sources_1/new/Parite.vhd" into library xil_defaultlib
INFO: [VRFC 10-3107] analyzing entity 'Parite'
INFO: [USF-XSim-69] 'compile' step finished in '2' seconds
Command: launch_simulation -simset sim_1 -mode behavioral
INFO: [Vivado 12-5682] Launching behavioral simulation in 'C:/Users/antho/Documents/Programmes/S4APP1/pb_APP_log_comb_E2022/pb_APP_log_comb.sim/sim_1/behav/xsim'
INFO: [USF-XSim-3] XSim::Elaborate design
INFO: [USF-XSim-61] Executing 'ELABORATE' step in 'C:/Users/antho/Documents/Programmes/S4APP1/pb_APP_log_comb_E2022/pb_APP_log_comb.sim/sim_1/behav/xsim'
"xelab -wto 6e88f38826214958bd01804f64fad5de --incr --debug typical --relax --mt 2 -L xil_defaultlib -L secureip --snapshot Parite_tb_behav xil_defaultlib.Parite_tb -log elaborate.log"
Vivado Simulator 2020.2
Copyright 1986-1999, 2001-2020 Xilinx, Inc. All Rights Reserved.
Running: C:/Xilinx/Vivado/2020.2/bin/unwrapped/win64.o/xelab.exe -wto 6e88f38826214958bd01804f64fad5de --incr --debug typical --relax --mt 2 -L xil_defaultlib -L secureip --snapshot Parite_tb_behav xil_defaultlib.Parite_tb -log elaborate.log 
Using 2 slave threads.
Starting static elaboration
Completed static elaboration
Starting simulation data flow analysis
Completed simulation data flow analysis
Time Resolution for simulation is 1ps
Compiling package std.standard
Compiling package std.textio
Compiling package ieee.std_logic_1164
Compiling package ieee.numeric_std
Compiling package unisim.vcomponents
Compiling architecture behavioral of entity xil_defaultlib.Parite [parite_default]
Compiling architecture behavioral of entity xil_defaultlib.parite_tb
Built simulation snapshot Parite_tb_behav
INFO: [USF-XSim-69] 'elaborate' step finished in '3' seconds
Vivado Simulator 2020.2
Time resolution is 1 ps
relaunch_sim: Time (s): cpu = 00:00:03 ; elapsed = 00:00:10 . Memory (MB): peak = 1789.621 ; gain = 0.000
run all
restart
INFO: [Simtcl 6-17] Simulation restarted
relaunch_sim
Command: launch_simulation -simset sim_1 -mode behavioral
INFO: [Vivado 12-5682] Launching behavioral simulation in 'C:/Users/antho/Documents/Programmes/S4APP1/pb_APP_log_comb_E2022/pb_APP_log_comb.sim/sim_1/behav/xsim'
INFO: [SIM-utils-51] Simulation object is 'sim_1'
INFO: [SIM-utils-54] Inspecting design source files for 'Parite_tb' in fileset 'sim_1'...
INFO: [USF-XSim-97] Finding global include files...
INFO: [USF-XSim-100] Fetching design files from 'sources_1'...(this may take a while)...
INFO: [USF-XSim-101] Fetching design files from 'sim_1'...
INFO: [USF-XSim-2] XSim::Compile design
INFO: [USF-XSim-61] Executing 'COMPILE and ANALYZE' step in 'C:/Users/antho/Documents/Programmes/S4APP1/pb_APP_log_comb_E2022/pb_APP_log_comb.sim/sim_1/behav/xsim'
"xvhdl --incr --relax -prj Parite_tb_vhdl.prj"
INFO: [VRFC 10-163] Analyzing VHDL file "C:/Users/antho/Documents/Programmes/S4APP1/pb_APP_log_comb_E2022/pb_APP_log_comb.srcs/sources_1/new/Parite.vhd" into library xil_defaultlib
INFO: [VRFC 10-3107] analyzing entity 'Parite'
INFO: [USF-XSim-69] 'compile' step finished in '2' seconds
Command: launch_simulation -simset sim_1 -mode behavioral
INFO: [Vivado 12-5682] Launching behavioral simulation in 'C:/Users/antho/Documents/Programmes/S4APP1/pb_APP_log_comb_E2022/pb_APP_log_comb.sim/sim_1/behav/xsim'
INFO: [USF-XSim-3] XSim::Elaborate design
INFO: [USF-XSim-61] Executing 'ELABORATE' step in 'C:/Users/antho/Documents/Programmes/S4APP1/pb_APP_log_comb_E2022/pb_APP_log_comb.sim/sim_1/behav/xsim'
"xelab -wto 6e88f38826214958bd01804f64fad5de --incr --debug typical --relax --mt 2 -L xil_defaultlib -L secureip --snapshot Parite_tb_behav xil_defaultlib.Parite_tb -log elaborate.log"
Vivado Simulator 2020.2
Copyright 1986-1999, 2001-2020 Xilinx, Inc. All Rights Reserved.
Running: C:/Xilinx/Vivado/2020.2/bin/unwrapped/win64.o/xelab.exe -wto 6e88f38826214958bd01804f64fad5de --incr --debug typical --relax --mt 2 -L xil_defaultlib -L secureip --snapshot Parite_tb_behav xil_defaultlib.Parite_tb -log elaborate.log 
Using 2 slave threads.
Starting static elaboration
Completed static elaboration
Starting simulation data flow analysis
Completed simulation data flow analysis
Time Resolution for simulation is 1ps
Compiling package std.standard
Compiling package std.textio
Compiling package ieee.std_logic_1164
Compiling package ieee.numeric_std
Compiling package unisim.vcomponents
Compiling architecture behavioral of entity xil_defaultlib.Parite [parite_default]
Compiling architecture behavioral of entity xil_defaultlib.parite_tb
Built simulation snapshot Parite_tb_behav
INFO: [USF-XSim-69] 'elaborate' step finished in '4' seconds
Vivado Simulator 2020.2
Time resolution is 1 ps
relaunch_sim: Time (s): cpu = 00:00:02 ; elapsed = 00:00:09 . Memory (MB): peak = 1789.621 ; gain = 0.000
run all
restart
INFO: [Simtcl 6-17] Simulation restarted
run all
WARNING: [filemgmt 56-199] Attempt to get parsing info during refresh. "On-the-fly" syntax checking information may be incorrect. [C:\Users\antho\Documents\Programmes\S4APP1\pb_APP_log_comb_E2022\pb_APP_log_comb.srcs\sources_1\new\Parite.vhd:]
WARNING: [filemgmt 56-199] Attempt to get parsing info during refresh. "On-the-fly" syntax checking information may be incorrect. [C:\Users\antho\Documents\Programmes\S4APP1\pb_APP_log_comb_E2022\pb_APP_log_comb.srcs\sim_1\new\Parite_tb.vhd:]
ERROR: [Common 17-180] Spawn failed: No error
restart
INFO: [Simtcl 6-17] Simulation restarted
relaunch_sim
Command: launch_simulation -simset sim_1 -mode behavioral
INFO: [Vivado 12-5682] Launching behavioral simulation in 'C:/Users/antho/Documents/Programmes/S4APP1/pb_APP_log_comb_E2022/pb_APP_log_comb.sim/sim_1/behav/xsim'
INFO: [SIM-utils-51] Simulation object is 'sim_1'
INFO: [SIM-utils-54] Inspecting design source files for 'Parite_tb' in fileset 'sim_1'...
INFO: [USF-XSim-97] Finding global include files...
INFO: [USF-XSim-100] Fetching design files from 'sources_1'...(this may take a while)...
INFO: [USF-XSim-101] Fetching design files from 'sim_1'...
INFO: [USF-XSim-2] XSim::Compile design
INFO: [USF-XSim-61] Executing 'COMPILE and ANALYZE' step in 'C:/Users/antho/Documents/Programmes/S4APP1/pb_APP_log_comb_E2022/pb_APP_log_comb.sim/sim_1/behav/xsim'
"xvhdl --incr --relax -prj Parite_tb_vhdl.prj"
INFO: [VRFC 10-163] Analyzing VHDL file "C:/Users/antho/Documents/Programmes/S4APP1/pb_APP_log_comb_E2022/pb_APP_log_comb.srcs/sources_1/new/Parite.vhd" into library xil_defaultlib
INFO: [VRFC 10-3107] analyzing entity 'Parite'
INFO: [USF-XSim-69] 'compile' step finished in '3' seconds
Command: launch_simulation -simset sim_1 -mode behavioral
INFO: [Vivado 12-5682] Launching behavioral simulation in 'C:/Users/antho/Documents/Programmes/S4APP1/pb_APP_log_comb_E2022/pb_APP_log_comb.sim/sim_1/behav/xsim'
INFO: [USF-XSim-3] XSim::Elaborate design
INFO: [USF-XSim-61] Executing 'ELABORATE' step in 'C:/Users/antho/Documents/Programmes/S4APP1/pb_APP_log_comb_E2022/pb_APP_log_comb.sim/sim_1/behav/xsim'
"xelab -wto 6e88f38826214958bd01804f64fad5de --incr --debug typical --relax --mt 2 -L xil_defaultlib -L secureip --snapshot Parite_tb_behav xil_defaultlib.Parite_tb -log elaborate.log"
Vivado Simulator 2020.2
Copyright 1986-1999, 2001-2020 Xilinx, Inc. All Rights Reserved.
Running: C:/Xilinx/Vivado/2020.2/bin/unwrapped/win64.o/xelab.exe -wto 6e88f38826214958bd01804f64fad5de --incr --debug typical --relax --mt 2 -L xil_defaultlib -L secureip --snapshot Parite_tb_behav xil_defaultlib.Parite_tb -log elaborate.log 
Using 2 slave threads.
Starting static elaboration
Completed static elaboration
Starting simulation data flow analysis
Completed simulation data flow analysis
Time Resolution for simulation is 1ps
Compiling package std.standard
Compiling package std.textio
Compiling package ieee.std_logic_1164
Compiling package ieee.numeric_std
Compiling package unisim.vcomponents
Compiling architecture behavioral of entity xil_defaultlib.Parite [parite_default]
Compiling architecture behavioral of entity xil_defaultlib.parite_tb
Built simulation snapshot Parite_tb_behav
INFO: [USF-XSim-69] 'elaborate' step finished in '3' seconds
Vivado Simulator 2020.2
Time resolution is 1 ps
relaunch_sim: Time (s): cpu = 00:00:02 ; elapsed = 00:00:09 . Memory (MB): peak = 1789.621 ; gain = 0.000
run all
restart
INFO: [Simtcl 6-17] Simulation restarted
relaunch_sim
Command: launch_simulation -simset sim_1 -mode behavioral
INFO: [Vivado 12-5682] Launching behavioral simulation in 'C:/Users/antho/Documents/Programmes/S4APP1/pb_APP_log_comb_E2022/pb_APP_log_comb.sim/sim_1/behav/xsim'
INFO: [SIM-utils-51] Simulation object is 'sim_1'
INFO: [SIM-utils-54] Inspecting design source files for 'Parite_tb' in fileset 'sim_1'...
INFO: [USF-XSim-97] Finding global include files...
INFO: [USF-XSim-100] Fetching design files from 'sources_1'...(this may take a while)...
INFO: [USF-XSim-101] Fetching design files from 'sim_1'...
INFO: [USF-XSim-2] XSim::Compile design
INFO: [USF-XSim-61] Executing 'COMPILE and ANALYZE' step in 'C:/Users/antho/Documents/Programmes/S4APP1/pb_APP_log_comb_E2022/pb_APP_log_comb.sim/sim_1/behav/xsim'
"xvhdl --incr --relax -prj Parite_tb_vhdl.prj"
INFO: [VRFC 10-163] Analyzing VHDL file "C:/Users/antho/Documents/Programmes/S4APP1/pb_APP_log_comb_E2022/pb_APP_log_comb.srcs/sources_1/new/Parite.vhd" into library xil_defaultlib
INFO: [VRFC 10-3107] analyzing entity 'Parite'
INFO: [USF-XSim-69] 'compile' step finished in '2' seconds
Command: launch_simulation -simset sim_1 -mode behavioral
INFO: [Vivado 12-5682] Launching behavioral simulation in 'C:/Users/antho/Documents/Programmes/S4APP1/pb_APP_log_comb_E2022/pb_APP_log_comb.sim/sim_1/behav/xsim'
INFO: [USF-XSim-3] XSim::Elaborate design
INFO: [USF-XSim-61] Executing 'ELABORATE' step in 'C:/Users/antho/Documents/Programmes/S4APP1/pb_APP_log_comb_E2022/pb_APP_log_comb.sim/sim_1/behav/xsim'
"xelab -wto 6e88f38826214958bd01804f64fad5de --incr --debug typical --relax --mt 2 -L xil_defaultlib -L secureip --snapshot Parite_tb_behav xil_defaultlib.Parite_tb -log elaborate.log"
Vivado Simulator 2020.2
Copyright 1986-1999, 2001-2020 Xilinx, Inc. All Rights Reserved.
Running: C:/Xilinx/Vivado/2020.2/bin/unwrapped/win64.o/xelab.exe -wto 6e88f38826214958bd01804f64fad5de --incr --debug typical --relax --mt 2 -L xil_defaultlib -L secureip --snapshot Parite_tb_behav xil_defaultlib.Parite_tb -log elaborate.log 
Using 2 slave threads.
Starting static elaboration
Completed static elaboration
Starting simulation data flow analysis
Completed simulation data flow analysis
Time Resolution for simulation is 1ps
Compiling package std.standard
Compiling package std.textio
Compiling package ieee.std_logic_1164
Compiling package ieee.numeric_std
Compiling package unisim.vcomponents
Compiling architecture behavioral of entity xil_defaultlib.Parite [parite_default]
Compiling architecture behavioral of entity xil_defaultlib.parite_tb
Built simulation snapshot Parite_tb_behav
INFO: [USF-XSim-69] 'elaborate' step finished in '4' seconds
Vivado Simulator 2020.2
Time resolution is 1 ps
relaunch_sim: Time (s): cpu = 00:00:01 ; elapsed = 00:00:09 . Memory (MB): peak = 1789.621 ; gain = 0.000
run all
restart
INFO: [Simtcl 6-17] Simulation restarted
relaunch_sim
Command: launch_simulation -simset sim_1 -mode behavioral
INFO: [Vivado 12-5682] Launching behavioral simulation in 'C:/Users/antho/Documents/Programmes/S4APP1/pb_APP_log_comb_E2022/pb_APP_log_comb.sim/sim_1/behav/xsim'
INFO: [SIM-utils-51] Simulation object is 'sim_1'
INFO: [SIM-utils-54] Inspecting design source files for 'Parite_tb' in fileset 'sim_1'...
INFO: [USF-XSim-97] Finding global include files...
INFO: [USF-XSim-100] Fetching design files from 'sources_1'...(this may take a while)...
INFO: [USF-XSim-101] Fetching design files from 'sim_1'...
INFO: [USF-XSim-2] XSim::Compile design
INFO: [USF-XSim-61] Executing 'COMPILE and ANALYZE' step in 'C:/Users/antho/Documents/Programmes/S4APP1/pb_APP_log_comb_E2022/pb_APP_log_comb.sim/sim_1/behav/xsim'
"xvhdl --incr --relax -prj Parite_tb_vhdl.prj"
INFO: [VRFC 10-163] Analyzing VHDL file "C:/Users/antho/Documents/Programmes/S4APP1/pb_APP_log_comb_E2022/pb_APP_log_comb.srcs/sim_1/new/Parite_tb.vhd" into library xil_defaultlib
INFO: [VRFC 10-3107] analyzing entity 'Parite_tb'
INFO: [USF-XSim-69] 'compile' step finished in '3' seconds
Command: launch_simulation -simset sim_1 -mode behavioral
INFO: [Vivado 12-5682] Launching behavioral simulation in 'C:/Users/antho/Documents/Programmes/S4APP1/pb_APP_log_comb_E2022/pb_APP_log_comb.sim/sim_1/behav/xsim'
INFO: [USF-XSim-3] XSim::Elaborate design
INFO: [USF-XSim-61] Executing 'ELABORATE' step in 'C:/Users/antho/Documents/Programmes/S4APP1/pb_APP_log_comb_E2022/pb_APP_log_comb.sim/sim_1/behav/xsim'
"xelab -wto 6e88f38826214958bd01804f64fad5de --incr --debug typical --relax --mt 2 -L xil_defaultlib -L secureip --snapshot Parite_tb_behav xil_defaultlib.Parite_tb -log elaborate.log"
Vivado Simulator 2020.2
Copyright 1986-1999, 2001-2020 Xilinx, Inc. All Rights Reserved.
Running: C:/Xilinx/Vivado/2020.2/bin/unwrapped/win64.o/xelab.exe -wto 6e88f38826214958bd01804f64fad5de --incr --debug typical --relax --mt 2 -L xil_defaultlib -L secureip --snapshot Parite_tb_behav xil_defaultlib.Parite_tb -log elaborate.log 
Using 2 slave threads.
Starting static elaboration
Completed static elaboration
Starting simulation data flow analysis
Completed simulation data flow analysis
Time Resolution for simulation is 1ps
Compiling package std.standard
Compiling package std.textio
Compiling package ieee.std_logic_1164
Compiling package ieee.numeric_std
Compiling package unisim.vcomponents
Compiling architecture behavioral of entity xil_defaultlib.Parite [parite_default]
Compiling architecture behavioral of entity xil_defaultlib.parite_tb
Built simulation snapshot Parite_tb_behav
INFO: [USF-XSim-69] 'elaborate' step finished in '3' seconds
Vivado Simulator 2020.2
Time resolution is 1 ps
relaunch_sim: Time (s): cpu = 00:00:01 ; elapsed = 00:00:10 . Memory (MB): peak = 1789.621 ; gain = 0.000
run all
add_bp {C:/Users/antho/Documents/Programmes/S4APP1/pb_APP_log_comb_E2022/pb_APP_log_comb.srcs/sources_1/new/Parite.vhd} 71
remove_bps -file {C:/Users/antho/Documents/Programmes/S4APP1/pb_APP_log_comb_E2022/pb_APP_log_comb.srcs/sources_1/new/Parite.vhd} -line 71
restart
INFO: [Simtcl 6-17] Simulation restarted
restart
INFO: [Simtcl 6-17] Simulation restarted
relaunch_sim
Command: launch_simulation -simset sim_1 -mode behavioral
INFO: [Vivado 12-5682] Launching behavioral simulation in 'C:/Users/antho/Documents/Programmes/S4APP1/pb_APP_log_comb_E2022/pb_APP_log_comb.sim/sim_1/behav/xsim'
INFO: [SIM-utils-51] Simulation object is 'sim_1'
INFO: [SIM-utils-54] Inspecting design source files for 'Parite_tb' in fileset 'sim_1'...
INFO: [USF-XSim-97] Finding global include files...
INFO: [USF-XSim-100] Fetching design files from 'sources_1'...(this may take a while)...
INFO: [USF-XSim-101] Fetching design files from 'sim_1'...
INFO: [USF-XSim-2] XSim::Compile design
INFO: [USF-XSim-61] Executing 'COMPILE and ANALYZE' step in 'C:/Users/antho/Documents/Programmes/S4APP1/pb_APP_log_comb_E2022/pb_APP_log_comb.sim/sim_1/behav/xsim'
"xvhdl --incr --relax -prj Parite_tb_vhdl.prj"
INFO: [VRFC 10-163] Analyzing VHDL file "C:/Users/antho/Documents/Programmes/S4APP1/pb_APP_log_comb_E2022/pb_APP_log_comb.srcs/sources_1/new/Parite.vhd" into library xil_defaultlib
INFO: [VRFC 10-3107] analyzing entity 'Parite'
INFO: [USF-XSim-69] 'compile' step finished in '2' seconds
Command: launch_simulation -simset sim_1 -mode behavioral
INFO: [Vivado 12-5682] Launching behavioral simulation in 'C:/Users/antho/Documents/Programmes/S4APP1/pb_APP_log_comb_E2022/pb_APP_log_comb.sim/sim_1/behav/xsim'
INFO: [USF-XSim-3] XSim::Elaborate design
INFO: [USF-XSim-61] Executing 'ELABORATE' step in 'C:/Users/antho/Documents/Programmes/S4APP1/pb_APP_log_comb_E2022/pb_APP_log_comb.sim/sim_1/behav/xsim'
"xelab -wto 6e88f38826214958bd01804f64fad5de --incr --debug typical --relax --mt 2 -L xil_defaultlib -L secureip --snapshot Parite_tb_behav xil_defaultlib.Parite_tb -log elaborate.log"
Vivado Simulator 2020.2
Copyright 1986-1999, 2001-2020 Xilinx, Inc. All Rights Reserved.
Running: C:/Xilinx/Vivado/2020.2/bin/unwrapped/win64.o/xelab.exe -wto 6e88f38826214958bd01804f64fad5de --incr --debug typical --relax --mt 2 -L xil_defaultlib -L secureip --snapshot Parite_tb_behav xil_defaultlib.Parite_tb -log elaborate.log 
Using 2 slave threads.
Starting static elaboration
Completed static elaboration
Starting simulation data flow analysis
Completed simulation data flow analysis
Time Resolution for simulation is 1ps
Compiling package std.standard
Compiling package std.textio
Compiling package ieee.std_logic_1164
Compiling package ieee.numeric_std
Compiling package unisim.vcomponents
Compiling architecture behavioral of entity xil_defaultlib.Parite [parite_default]
Compiling architecture behavioral of entity xil_defaultlib.parite_tb
Built simulation snapshot Parite_tb_behav
INFO: [USF-XSim-69] 'elaborate' step finished in '3' seconds
Vivado Simulator 2020.2
Time resolution is 1 ps
relaunch_sim: Time (s): cpu = 00:00:01 ; elapsed = 00:00:10 . Memory (MB): peak = 1789.621 ; gain = 0.000
run all
restart
INFO: [Simtcl 6-17] Simulation restarted
relaunch_sim
Command: launch_simulation -simset sim_1 -mode behavioral
INFO: [Vivado 12-5682] Launching behavioral simulation in 'C:/Users/antho/Documents/Programmes/S4APP1/pb_APP_log_comb_E2022/pb_APP_log_comb.sim/sim_1/behav/xsim'
INFO: [SIM-utils-51] Simulation object is 'sim_1'
INFO: [SIM-utils-54] Inspecting design source files for 'Parite_tb' in fileset 'sim_1'...
INFO: [USF-XSim-97] Finding global include files...
INFO: [USF-XSim-100] Fetching design files from 'sources_1'...(this may take a while)...
INFO: [USF-XSim-101] Fetching design files from 'sim_1'...
INFO: [USF-XSim-2] XSim::Compile design
INFO: [USF-XSim-61] Executing 'COMPILE and ANALYZE' step in 'C:/Users/antho/Documents/Programmes/S4APP1/pb_APP_log_comb_E2022/pb_APP_log_comb.sim/sim_1/behav/xsim'
"xvhdl --incr --relax -prj Parite_tb_vhdl.prj"
INFO: [VRFC 10-163] Analyzing VHDL file "C:/Users/antho/Documents/Programmes/S4APP1/pb_APP_log_comb_E2022/pb_APP_log_comb.srcs/sources_1/new/Parite.vhd" into library xil_defaultlib
INFO: [VRFC 10-3107] analyzing entity 'Parite'
INFO: [USF-XSim-69] 'compile' step finished in '3' seconds
Command: launch_simulation -simset sim_1 -mode behavioral
INFO: [Vivado 12-5682] Launching behavioral simulation in 'C:/Users/antho/Documents/Programmes/S4APP1/pb_APP_log_comb_E2022/pb_APP_log_comb.sim/sim_1/behav/xsim'
INFO: [USF-XSim-3] XSim::Elaborate design
INFO: [USF-XSim-61] Executing 'ELABORATE' step in 'C:/Users/antho/Documents/Programmes/S4APP1/pb_APP_log_comb_E2022/pb_APP_log_comb.sim/sim_1/behav/xsim'
"xelab -wto 6e88f38826214958bd01804f64fad5de --incr --debug typical --relax --mt 2 -L xil_defaultlib -L secureip --snapshot Parite_tb_behav xil_defaultlib.Parite_tb -log elaborate.log"
Vivado Simulator 2020.2
Copyright 1986-1999, 2001-2020 Xilinx, Inc. All Rights Reserved.
Running: C:/Xilinx/Vivado/2020.2/bin/unwrapped/win64.o/xelab.exe -wto 6e88f38826214958bd01804f64fad5de --incr --debug typical --relax --mt 2 -L xil_defaultlib -L secureip --snapshot Parite_tb_behav xil_defaultlib.Parite_tb -log elaborate.log 
Using 2 slave threads.
Starting static elaboration
Completed static elaboration
Starting simulation data flow analysis
Completed simulation data flow analysis
Time Resolution for simulation is 1ps
Compiling package std.standard
Compiling package std.textio
Compiling package ieee.std_logic_1164
Compiling package ieee.numeric_std
Compiling package unisim.vcomponents
Compiling architecture behavioral of entity xil_defaultlib.Parite [parite_default]
Compiling architecture behavioral of entity xil_defaultlib.parite_tb
Built simulation snapshot Parite_tb_behav
INFO: [USF-XSim-69] 'elaborate' step finished in '3' seconds
Vivado Simulator 2020.2
Time resolution is 1 ps
relaunch_sim: Time (s): cpu = 00:00:01 ; elapsed = 00:00:09 . Memory (MB): peak = 1789.621 ; gain = 0.000
run all
relaunch_sim
Command: launch_simulation -simset sim_1 -mode behavioral
INFO: [Vivado 12-5682] Launching behavioral simulation in 'C:/Users/antho/Documents/Programmes/S4APP1/pb_APP_log_comb_E2022/pb_APP_log_comb.sim/sim_1/behav/xsim'
INFO: [SIM-utils-51] Simulation object is 'sim_1'
INFO: [SIM-utils-54] Inspecting design source files for 'Parite_tb' in fileset 'sim_1'...
INFO: [USF-XSim-97] Finding global include files...
INFO: [USF-XSim-100] Fetching design files from 'sources_1'...(this may take a while)...
INFO: [USF-XSim-101] Fetching design files from 'sim_1'...
INFO: [USF-XSim-2] XSim::Compile design
INFO: [USF-XSim-61] Executing 'COMPILE and ANALYZE' step in 'C:/Users/antho/Documents/Programmes/S4APP1/pb_APP_log_comb_E2022/pb_APP_log_comb.sim/sim_1/behav/xsim'
"xvhdl --incr --relax -prj Parite_tb_vhdl.prj"
INFO: [VRFC 10-163] Analyzing VHDL file "C:/Users/antho/Documents/Programmes/S4APP1/pb_APP_log_comb_E2022/pb_APP_log_comb.srcs/sources_1/new/Parite.vhd" into library xil_defaultlib
INFO: [VRFC 10-3107] analyzing entity 'Parite'
INFO: [VRFC 10-163] Analyzing VHDL file "C:/Users/antho/Documents/Programmes/S4APP1/pb_APP_log_comb_E2022/pb_APP_log_comb.srcs/sim_1/new/Parite_tb.vhd" into library xil_defaultlib
INFO: [VRFC 10-3107] analyzing entity 'Parite_tb'
INFO: [USF-XSim-69] 'compile' step finished in '2' seconds
Command: launch_simulation -simset sim_1 -mode behavioral
INFO: [Vivado 12-5682] Launching behavioral simulation in 'C:/Users/antho/Documents/Programmes/S4APP1/pb_APP_log_comb_E2022/pb_APP_log_comb.sim/sim_1/behav/xsim'
INFO: [USF-XSim-3] XSim::Elaborate design
INFO: [USF-XSim-61] Executing 'ELABORATE' step in 'C:/Users/antho/Documents/Programmes/S4APP1/pb_APP_log_comb_E2022/pb_APP_log_comb.sim/sim_1/behav/xsim'
"xelab -wto 6e88f38826214958bd01804f64fad5de --incr --debug typical --relax --mt 2 -L xil_defaultlib -L secureip --snapshot Parite_tb_behav xil_defaultlib.Parite_tb -log elaborate.log"
Vivado Simulator 2020.2
Copyright 1986-1999, 2001-2020 Xilinx, Inc. All Rights Reserved.
Running: C:/Xilinx/Vivado/2020.2/bin/unwrapped/win64.o/xelab.exe -wto 6e88f38826214958bd01804f64fad5de --incr --debug typical --relax --mt 2 -L xil_defaultlib -L secureip --snapshot Parite_tb_behav xil_defaultlib.Parite_tb -log elaborate.log 
Using 2 slave threads.
Starting static elaboration
Completed static elaboration
Starting simulation data flow analysis
Completed simulation data flow analysis
Time Resolution for simulation is 1ps
Compiling package std.standard
Compiling package std.textio
Compiling package ieee.std_logic_1164
Compiling package ieee.numeric_std
Compiling package unisim.vcomponents
Compiling architecture behavioral of entity xil_defaultlib.Parite [parite_default]
Compiling architecture behavioral of entity xil_defaultlib.parite_tb
Built simulation snapshot Parite_tb_behav
INFO: [USF-XSim-69] 'elaborate' step finished in '4' seconds
Vivado Simulator 2020.2
Time resolution is 1 ps
relaunch_sim: Time (s): cpu = 00:00:02 ; elapsed = 00:00:10 . Memory (MB): peak = 1789.621 ; gain = 0.000
run all
run 10 ms
relaunch_sim
Command: launch_simulation -simset sim_1 -mode behavioral
INFO: [Vivado 12-5682] Launching behavioral simulation in 'C:/Users/antho/Documents/Programmes/S4APP1/pb_APP_log_comb_E2022/pb_APP_log_comb.sim/sim_1/behav/xsim'
INFO: [SIM-utils-51] Simulation object is 'sim_1'
INFO: [SIM-utils-54] Inspecting design source files for 'Parite_tb' in fileset 'sim_1'...
INFO: [USF-XSim-97] Finding global include files...
INFO: [USF-XSim-100] Fetching design files from 'sources_1'...(this may take a while)...
INFO: [USF-XSim-101] Fetching design files from 'sim_1'...
INFO: [USF-XSim-2] XSim::Compile design
INFO: [USF-XSim-61] Executing 'COMPILE and ANALYZE' step in 'C:/Users/antho/Documents/Programmes/S4APP1/pb_APP_log_comb_E2022/pb_APP_log_comb.sim/sim_1/behav/xsim'
"xvhdl --incr --relax -prj Parite_tb_vhdl.prj"
INFO: [USF-XSim-69] 'compile' step finished in '2' seconds
Command: launch_simulation -simset sim_1 -mode behavioral
INFO: [Vivado 12-5682] Launching behavioral simulation in 'C:/Users/antho/Documents/Programmes/S4APP1/pb_APP_log_comb_E2022/pb_APP_log_comb.sim/sim_1/behav/xsim'
INFO: [USF-XSim-3] XSim::Elaborate design
INFO: [USF-XSim-61] Executing 'ELABORATE' step in 'C:/Users/antho/Documents/Programmes/S4APP1/pb_APP_log_comb_E2022/pb_APP_log_comb.sim/sim_1/behav/xsim'
"xelab -wto 6e88f38826214958bd01804f64fad5de --incr --debug typical --relax --mt 2 -L xil_defaultlib -L secureip --snapshot Parite_tb_behav xil_defaultlib.Parite_tb -log elaborate.log"
Vivado Simulator 2020.2
Copyright 1986-1999, 2001-2020 Xilinx, Inc. All Rights Reserved.
Running: C:/Xilinx/Vivado/2020.2/bin/unwrapped/win64.o/xelab.exe -wto 6e88f38826214958bd01804f64fad5de --incr --debug typical --relax --mt 2 -L xil_defaultlib -L secureip --snapshot Parite_tb_behav xil_defaultlib.Parite_tb -log elaborate.log 
Using 2 slave threads.
Starting static elaboration
Completed static elaboration
INFO: [XSIM 43-4323] No Change in HDL. Linking previously generated obj files to create kernel
INFO: [USF-XSim-69] 'elaborate' step finished in '3' seconds
Vivado Simulator 2020.2
Time resolution is 1 ps
relaunch_sim: Time (s): cpu = 00:00:02 ; elapsed = 00:00:09 . Memory (MB): peak = 1789.621 ; gain = 0.000
run all
relaunch_sim
Command: launch_simulation -simset sim_1 -mode behavioral
INFO: [Vivado 12-5682] Launching behavioral simulation in 'C:/Users/antho/Documents/Programmes/S4APP1/pb_APP_log_comb_E2022/pb_APP_log_comb.sim/sim_1/behav/xsim'
INFO: [SIM-utils-51] Simulation object is 'sim_1'
INFO: [SIM-utils-54] Inspecting design source files for 'Parite_tb' in fileset 'sim_1'...
INFO: [USF-XSim-97] Finding global include files...
INFO: [USF-XSim-100] Fetching design files from 'sources_1'...(this may take a while)...
INFO: [USF-XSim-101] Fetching design files from 'sim_1'...
INFO: [USF-XSim-2] XSim::Compile design
INFO: [USF-XSim-61] Executing 'COMPILE and ANALYZE' step in 'C:/Users/antho/Documents/Programmes/S4APP1/pb_APP_log_comb_E2022/pb_APP_log_comb.sim/sim_1/behav/xsim'
"xvhdl --incr --relax -prj Parite_tb_vhdl.prj"
INFO: [USF-XSim-69] 'compile' step finished in '2' seconds
Command: launch_simulation -simset sim_1 -mode behavioral
INFO: [Vivado 12-5682] Launching behavioral simulation in 'C:/Users/antho/Documents/Programmes/S4APP1/pb_APP_log_comb_E2022/pb_APP_log_comb.sim/sim_1/behav/xsim'
INFO: [USF-XSim-3] XSim::Elaborate design
INFO: [USF-XSim-61] Executing 'ELABORATE' step in 'C:/Users/antho/Documents/Programmes/S4APP1/pb_APP_log_comb_E2022/pb_APP_log_comb.sim/sim_1/behav/xsim'
"xelab -wto 6e88f38826214958bd01804f64fad5de --incr --debug typical --relax --mt 2 -L xil_defaultlib -L secureip --snapshot Parite_tb_behav xil_defaultlib.Parite_tb -log elaborate.log"
Vivado Simulator 2020.2
Copyright 1986-1999, 2001-2020 Xilinx, Inc. All Rights Reserved.
Running: C:/Xilinx/Vivado/2020.2/bin/unwrapped/win64.o/xelab.exe -wto 6e88f38826214958bd01804f64fad5de --incr --debug typical --relax --mt 2 -L xil_defaultlib -L secureip --snapshot Parite_tb_behav xil_defaultlib.Parite_tb -log elaborate.log 
Using 2 slave threads.
Starting static elaboration
Completed static elaboration
INFO: [XSIM 43-4323] No Change in HDL. Linking previously generated obj files to create kernel
INFO: [USF-XSim-69] 'elaborate' step finished in '3' seconds
Vivado Simulator 2020.2
Time resolution is 1 ps
relaunch_sim: Time (s): cpu = 00:00:01 ; elapsed = 00:00:09 . Memory (MB): peak = 1789.621 ; gain = 0.000
run all
run all
run all
run 2 ms
restart
INFO: [Simtcl 6-17] Simulation restarted
relaunch_sim
Command: launch_simulation -simset sim_1 -mode behavioral
INFO: [Vivado 12-5682] Launching behavioral simulation in 'C:/Users/antho/Documents/Programmes/S4APP1/pb_APP_log_comb_E2022/pb_APP_log_comb.sim/sim_1/behav/xsim'
INFO: [SIM-utils-51] Simulation object is 'sim_1'
INFO: [SIM-utils-54] Inspecting design source files for 'Parite_tb' in fileset 'sim_1'...
INFO: [USF-XSim-97] Finding global include files...
INFO: [USF-XSim-100] Fetching design files from 'sources_1'...(this may take a while)...
INFO: [USF-XSim-101] Fetching design files from 'sim_1'...
INFO: [USF-XSim-2] XSim::Compile design
INFO: [USF-XSim-61] Executing 'COMPILE and ANALYZE' step in 'C:/Users/antho/Documents/Programmes/S4APP1/pb_APP_log_comb_E2022/pb_APP_log_comb.sim/sim_1/behav/xsim'
"xvhdl --incr --relax -prj Parite_tb_vhdl.prj"
INFO: [VRFC 10-163] Analyzing VHDL file "C:/Users/antho/Documents/Programmes/S4APP1/pb_APP_log_comb_E2022/pb_APP_log_comb.srcs/sources_1/new/Parite.vhd" into library xil_defaultlib
INFO: [VRFC 10-3107] analyzing entity 'Parite'
INFO: [USF-XSim-69] 'compile' step finished in '3' seconds
Command: launch_simulation -simset sim_1 -mode behavioral
INFO: [Vivado 12-5682] Launching behavioral simulation in 'C:/Users/antho/Documents/Programmes/S4APP1/pb_APP_log_comb_E2022/pb_APP_log_comb.sim/sim_1/behav/xsim'
INFO: [USF-XSim-3] XSim::Elaborate design
INFO: [USF-XSim-61] Executing 'ELABORATE' step in 'C:/Users/antho/Documents/Programmes/S4APP1/pb_APP_log_comb_E2022/pb_APP_log_comb.sim/sim_1/behav/xsim'
"xelab -wto 6e88f38826214958bd01804f64fad5de --incr --debug typical --relax --mt 2 -L xil_defaultlib -L secureip --snapshot Parite_tb_behav xil_defaultlib.Parite_tb -log elaborate.log"
Vivado Simulator 2020.2
Copyright 1986-1999, 2001-2020 Xilinx, Inc. All Rights Reserved.
Running: C:/Xilinx/Vivado/2020.2/bin/unwrapped/win64.o/xelab.exe -wto 6e88f38826214958bd01804f64fad5de --incr --debug typical --relax --mt 2 -L xil_defaultlib -L secureip --snapshot Parite_tb_behav xil_defaultlib.Parite_tb -log elaborate.log 
Using 2 slave threads.
Starting static elaboration
ERROR: [VRFC 10-2335] case statement does not cover all choices. 'others' clause is needed [C:/Users/antho/Documents/Programmes/S4APP1/pb_APP_log_comb_E2022/pb_APP_log_comb.srcs/sources_1/new/Parite.vhd:67]
ERROR: [XSIM 43-3321] Static elaboration of top level VHDL design unit parite_tb in library work failed.
INFO: [USF-XSim-69] 'elaborate' step finished in '2' seconds
INFO: [USF-XSim-99] Step results log file:'C:/Users/antho/Documents/Programmes/S4APP1/pb_APP_log_comb_E2022/pb_APP_log_comb.sim/sim_1/behav/xsim/elaborate.log'
ERROR: [USF-XSim-62] 'elaborate' step failed with error(s). Please check the Tcl console output or 'C:/Users/antho/Documents/Programmes/S4APP1/pb_APP_log_comb_E2022/pb_APP_log_comb.sim/sim_1/behav/xsim/elaborate.log' file for more information.
ERROR: [Vivado 12-4473] Detected error while running simulation. Please correct the issue and retry this operation.
ERROR: [Common 17-39] 'launch_simulation' failed due to earlier errors.
ERROR: [Common 17-69] Command failed: ERROR: [Common 17-39] 'launch_simulation' failed due to earlier errors.

close_sim
INFO: [Simtcl 6-16] Simulation closed
launch_simulation
Command: launch_simulation 
INFO: [Vivado 12-5682] Launching behavioral simulation in 'C:/Users/antho/Documents/Programmes/S4APP1/pb_APP_log_comb_E2022/pb_APP_log_comb.sim/sim_1/behav/xsim'
INFO: [SIM-utils-51] Simulation object is 'sim_1'
INFO: [SIM-utils-54] Inspecting design source files for 'Parite_tb' in fileset 'sim_1'...
INFO: [USF-XSim-97] Finding global include files...
INFO: [USF-XSim-100] Fetching design files from 'sources_1'...(this may take a while)...
INFO: [USF-XSim-101] Fetching design files from 'sim_1'...
INFO: [USF-XSim-2] XSim::Compile design
INFO: [USF-XSim-61] Executing 'COMPILE and ANALYZE' step in 'C:/Users/antho/Documents/Programmes/S4APP1/pb_APP_log_comb_E2022/pb_APP_log_comb.sim/sim_1/behav/xsim'
"xvhdl --incr --relax -prj Parite_tb_vhdl.prj"
INFO: [VRFC 10-163] Analyzing VHDL file "C:/Users/antho/Documents/Programmes/S4APP1/pb_APP_log_comb_E2022/pb_APP_log_comb.srcs/sources_1/new/Parite.vhd" into library xil_defaultlib
INFO: [VRFC 10-3107] analyzing entity 'Parite'
INFO: [USF-XSim-69] 'compile' step finished in '2' seconds
INFO: [USF-XSim-3] XSim::Elaborate design
INFO: [USF-XSim-61] Executing 'ELABORATE' step in 'C:/Users/antho/Documents/Programmes/S4APP1/pb_APP_log_comb_E2022/pb_APP_log_comb.sim/sim_1/behav/xsim'
"xelab -wto 6e88f38826214958bd01804f64fad5de --incr --debug typical --relax --mt 2 -L xil_defaultlib -L secureip --snapshot Parite_tb_behav xil_defaultlib.Parite_tb -log elaborate.log"
Vivado Simulator 2020.2
Copyright 1986-1999, 2001-2020 Xilinx, Inc. All Rights Reserved.
Running: C:/Xilinx/Vivado/2020.2/bin/unwrapped/win64.o/xelab.exe -wto 6e88f38826214958bd01804f64fad5de --incr --debug typical --relax --mt 2 -L xil_defaultlib -L secureip --snapshot Parite_tb_behav xil_defaultlib.Parite_tb -log elaborate.log 
Using 2 slave threads.
Starting static elaboration
ERROR: [VRFC 10-2335] case statement does not cover all choices. 'others' clause is needed [C:/Users/antho/Documents/Programmes/S4APP1/pb_APP_log_comb_E2022/pb_APP_log_comb.srcs/sources_1/new/Parite.vhd:67]
ERROR: [XSIM 43-3321] Static elaboration of top level VHDL design unit parite_tb in library work failed.
INFO: [USF-XSim-69] 'elaborate' step finished in '3' seconds
INFO: [USF-XSim-99] Step results log file:'C:/Users/antho/Documents/Programmes/S4APP1/pb_APP_log_comb_E2022/pb_APP_log_comb.sim/sim_1/behav/xsim/elaborate.log'
ERROR: [USF-XSim-62] 'elaborate' step failed with error(s). Please check the Tcl console output or 'C:/Users/antho/Documents/Programmes/S4APP1/pb_APP_log_comb_E2022/pb_APP_log_comb.sim/sim_1/behav/xsim/elaborate.log' file for more information.
ERROR: [Vivado 12-4473] Detected error while running simulation. Please correct the issue and retry this operation.
launch_simulation: Time (s): cpu = 00:00:01 ; elapsed = 00:00:07 . Memory (MB): peak = 1789.621 ; gain = 0.000
ERROR: [Common 17-39] 'launch_simulation' failed due to earlier errors.
launch_simulation
Command: launch_simulation 
INFO: [Vivado 12-5682] Launching behavioral simulation in 'C:/Users/antho/Documents/Programmes/S4APP1/pb_APP_log_comb_E2022/pb_APP_log_comb.sim/sim_1/behav/xsim'
INFO: [SIM-utils-51] Simulation object is 'sim_1'
INFO: [SIM-utils-54] Inspecting design source files for 'Parite_tb' in fileset 'sim_1'...
INFO: [USF-XSim-97] Finding global include files...
INFO: [USF-XSim-100] Fetching design files from 'sources_1'...(this may take a while)...
INFO: [USF-XSim-101] Fetching design files from 'sim_1'...
INFO: [USF-XSim-2] XSim::Compile design
INFO: [USF-XSim-61] Executing 'COMPILE and ANALYZE' step in 'C:/Users/antho/Documents/Programmes/S4APP1/pb_APP_log_comb_E2022/pb_APP_log_comb.sim/sim_1/behav/xsim'
"xvhdl --incr --relax -prj Parite_tb_vhdl.prj"
INFO: [VRFC 10-163] Analyzing VHDL file "C:/Users/antho/Documents/Programmes/S4APP1/pb_APP_log_comb_E2022/pb_APP_log_comb.srcs/sources_1/new/Parite.vhd" into library xil_defaultlib
INFO: [VRFC 10-3107] analyzing entity 'Parite'
INFO: [USF-XSim-69] 'compile' step finished in '2' seconds
INFO: [USF-XSim-3] XSim::Elaborate design
INFO: [USF-XSim-61] Executing 'ELABORATE' step in 'C:/Users/antho/Documents/Programmes/S4APP1/pb_APP_log_comb_E2022/pb_APP_log_comb.sim/sim_1/behav/xsim'
"xelab -wto 6e88f38826214958bd01804f64fad5de --incr --debug typical --relax --mt 2 -L xil_defaultlib -L secureip --snapshot Parite_tb_behav xil_defaultlib.Parite_tb -log elaborate.log"
Vivado Simulator 2020.2
Copyright 1986-1999, 2001-2020 Xilinx, Inc. All Rights Reserved.
Running: C:/Xilinx/Vivado/2020.2/bin/unwrapped/win64.o/xelab.exe -wto 6e88f38826214958bd01804f64fad5de --incr --debug typical --relax --mt 2 -L xil_defaultlib -L secureip --snapshot Parite_tb_behav xil_defaultlib.Parite_tb -log elaborate.log 
Using 2 slave threads.
Starting static elaboration
Completed static elaboration
Starting simulation data flow analysis
Completed simulation data flow analysis
Time Resolution for simulation is 1ps
Compiling package std.standard
Compiling package std.textio
Compiling package ieee.std_logic_1164
Compiling package ieee.numeric_std
Compiling package unisim.vcomponents
Compiling architecture behavioral of entity xil_defaultlib.Parite [parite_default]
Compiling architecture behavioral of entity xil_defaultlib.parite_tb
Built simulation snapshot Parite_tb_behav
INFO: [USF-XSim-69] 'elaborate' step finished in '4' seconds
INFO: [USF-XSim-4] XSim::Simulate design
INFO: [USF-XSim-61] Executing 'SIMULATE' step in 'C:/Users/antho/Documents/Programmes/S4APP1/pb_APP_log_comb_E2022/pb_APP_log_comb.sim/sim_1/behav/xsim'
INFO: [USF-XSim-98] *** Running xsim
   with args "Parite_tb_behav -key {Behavioral:sim_1:Functional:Parite_tb} -tclbatch {Parite_tb.tcl} -log {simulate.log}"
INFO: [USF-XSim-8] Loading simulator feature
Vivado Simulator 2020.2
Time resolution is 1 ps
source Parite_tb.tcl
# set curr_wave [current_wave_config]
# if { [string length $curr_wave] == 0 } {
#   if { [llength [get_objects]] > 0} {
#     add_wave /
#     set_property needs_save false [current_wave_config]
#   } else {
#      send_msg_id Add_Wave-1 WARNING "No top level signals found. Simulator will start without a wave window. If you want to open a wave window go to 'File->New Waveform Configuration' or type 'create_wave_config' in the TCL console."
#   }
# }
# run 1000ns
INFO: [USF-XSim-96] XSim completed. Design snapshot 'Parite_tb_behav' loaded.
INFO: [USF-XSim-97] XSim simulation ran for 1000ns
launch_simulation: Time (s): cpu = 00:00:04 ; elapsed = 00:00:09 . Memory (MB): peak = 1789.621 ; gain = 0.000
run all
relaunch_sim
Command: launch_simulation -simset sim_1 -mode behavioral
INFO: [Vivado 12-5682] Launching behavioral simulation in 'C:/Users/antho/Documents/Programmes/S4APP1/pb_APP_log_comb_E2022/pb_APP_log_comb.sim/sim_1/behav/xsim'
INFO: [SIM-utils-51] Simulation object is 'sim_1'
INFO: [SIM-utils-54] Inspecting design source files for 'Parite_tb' in fileset 'sim_1'...
INFO: [USF-XSim-97] Finding global include files...
INFO: [USF-XSim-100] Fetching design files from 'sources_1'...(this may take a while)...
INFO: [USF-XSim-101] Fetching design files from 'sim_1'...
INFO: [USF-XSim-2] XSim::Compile design
INFO: [USF-XSim-61] Executing 'COMPILE and ANALYZE' step in 'C:/Users/antho/Documents/Programmes/S4APP1/pb_APP_log_comb_E2022/pb_APP_log_comb.sim/sim_1/behav/xsim'
"xvhdl --incr --relax -prj Parite_tb_vhdl.prj"
INFO: [VRFC 10-163] Analyzing VHDL file "C:/Users/antho/Documents/Programmes/S4APP1/pb_APP_log_comb_E2022/pb_APP_log_comb.srcs/sources_1/new/Parite.vhd" into library xil_defaultlib
INFO: [VRFC 10-3107] analyzing entity 'Parite'
INFO: [USF-XSim-69] 'compile' step finished in '3' seconds
Command: launch_simulation -simset sim_1 -mode behavioral
INFO: [Vivado 12-5682] Launching behavioral simulation in 'C:/Users/antho/Documents/Programmes/S4APP1/pb_APP_log_comb_E2022/pb_APP_log_comb.sim/sim_1/behav/xsim'
INFO: [USF-XSim-3] XSim::Elaborate design
INFO: [USF-XSim-61] Executing 'ELABORATE' step in 'C:/Users/antho/Documents/Programmes/S4APP1/pb_APP_log_comb_E2022/pb_APP_log_comb.sim/sim_1/behav/xsim'
"xelab -wto 6e88f38826214958bd01804f64fad5de --incr --debug typical --relax --mt 2 -L xil_defaultlib -L secureip --snapshot Parite_tb_behav xil_defaultlib.Parite_tb -log elaborate.log"
Vivado Simulator 2020.2
Copyright 1986-1999, 2001-2020 Xilinx, Inc. All Rights Reserved.
Running: C:/Xilinx/Vivado/2020.2/bin/unwrapped/win64.o/xelab.exe -wto 6e88f38826214958bd01804f64fad5de --incr --debug typical --relax --mt 2 -L xil_defaultlib -L secureip --snapshot Parite_tb_behav xil_defaultlib.Parite_tb -log elaborate.log 
Using 2 slave threads.
Starting static elaboration
Completed static elaboration
Starting simulation data flow analysis
Completed simulation data flow analysis
Time Resolution for simulation is 1ps
Compiling package std.standard
Compiling package std.textio
Compiling package ieee.std_logic_1164
Compiling package ieee.numeric_std
Compiling package unisim.vcomponents
Compiling architecture behavioral of entity xil_defaultlib.Parite [parite_default]
Compiling architecture behavioral of entity xil_defaultlib.parite_tb
Built simulation snapshot Parite_tb_behav
INFO: [USF-XSim-69] 'elaborate' step finished in '4' seconds
Vivado Simulator 2020.2
Time resolution is 1 ps
relaunch_sim: Time (s): cpu = 00:00:03 ; elapsed = 00:00:13 . Memory (MB): peak = 1789.621 ; gain = 0.000
run all
restart
INFO: [Simtcl 6-17] Simulation restarted
restart: Time (s): cpu = 00:00:05 ; elapsed = 00:00:06 . Memory (MB): peak = 1789.621 ; gain = 0.000
relaunch_sim
Command: launch_simulation -simset sim_1 -mode behavioral
INFO: [Vivado 12-5682] Launching behavioral simulation in 'C:/Users/antho/Documents/Programmes/S4APP1/pb_APP_log_comb_E2022/pb_APP_log_comb.sim/sim_1/behav/xsim'
INFO: [SIM-utils-51] Simulation object is 'sim_1'
INFO: [SIM-utils-54] Inspecting design source files for 'Parite_tb' in fileset 'sim_1'...
INFO: [USF-XSim-97] Finding global include files...
INFO: [USF-XSim-100] Fetching design files from 'sources_1'...(this may take a while)...
INFO: [USF-XSim-101] Fetching design files from 'sim_1'...
INFO: [USF-XSim-2] XSim::Compile design
INFO: [USF-XSim-61] Executing 'COMPILE and ANALYZE' step in 'C:/Users/antho/Documents/Programmes/S4APP1/pb_APP_log_comb_E2022/pb_APP_log_comb.sim/sim_1/behav/xsim'
"xvhdl --incr --relax -prj Parite_tb_vhdl.prj"
INFO: [VRFC 10-163] Analyzing VHDL file "C:/Users/antho/Documents/Programmes/S4APP1/pb_APP_log_comb_E2022/pb_APP_log_comb.srcs/sources_1/new/Parite.vhd" into library xil_defaultlib
INFO: [VRFC 10-3107] analyzing entity 'Parite'
INFO: [USF-XSim-69] 'compile' step finished in '3' seconds
launch_simulation: Time (s): cpu = 00:00:01 ; elapsed = 00:00:05 . Memory (MB): peak = 1789.621 ; gain = 0.000
Command: launch_simulation -simset sim_1 -mode behavioral
INFO: [Vivado 12-5682] Launching behavioral simulation in 'C:/Users/antho/Documents/Programmes/S4APP1/pb_APP_log_comb_E2022/pb_APP_log_comb.sim/sim_1/behav/xsim'
INFO: [USF-XSim-3] XSim::Elaborate design
INFO: [USF-XSim-61] Executing 'ELABORATE' step in 'C:/Users/antho/Documents/Programmes/S4APP1/pb_APP_log_comb_E2022/pb_APP_log_comb.sim/sim_1/behav/xsim'
"xelab -wto 6e88f38826214958bd01804f64fad5de --incr --debug typical --relax --mt 2 -L xil_defaultlib -L secureip --snapshot Parite_tb_behav xil_defaultlib.Parite_tb -log elaborate.log"
Vivado Simulator 2020.2
Copyright 1986-1999, 2001-2020 Xilinx, Inc. All Rights Reserved.
Running: C:/Xilinx/Vivado/2020.2/bin/unwrapped/win64.o/xelab.exe -wto 6e88f38826214958bd01804f64fad5de --incr --debug typical --relax --mt 2 -L xil_defaultlib -L secureip --snapshot Parite_tb_behav xil_defaultlib.Parite_tb -log elaborate.log 
Using 2 slave threads.
Starting static elaboration
Completed static elaboration
Starting simulation data flow analysis
Completed simulation data flow analysis
Time Resolution for simulation is 1ps
Compiling package std.standard
Compiling package std.textio
Compiling package ieee.std_logic_1164
Compiling package ieee.numeric_std
Compiling package unisim.vcomponents
Compiling architecture behavioral of entity xil_defaultlib.Parite [parite_default]
Compiling architecture behavioral of entity xil_defaultlib.parite_tb
Built simulation snapshot Parite_tb_behav
INFO: [USF-XSim-69] 'elaborate' step finished in '4' seconds
Vivado Simulator 2020.2
Time resolution is 1 ps
relaunch_sim: Time (s): cpu = 00:00:03 ; elapsed = 00:00:15 . Memory (MB): peak = 1789.621 ; gain = 0.000
run all
close_sim
INFO: [Simtcl 6-16] Simulation closed
exit
INFO: [Common 17-206] Exiting Vivado at Mon May  9 18:00:41 2022...
