#-----------------------------------------------------------
# Vivado v2020.2 (64-bit)
# SW Build 3064766 on Wed Nov 18 09:12:45 MST 2020
# IP Build 3064653 on Wed Nov 18 14:17:31 MST 2020
# Start of session at: Sun May  8 10:59:28 2022
# Process ID: 7124
# Current directory: C:/Users/antho/Documents/Programmes/S4APP1/pb_APP_log_comb_E2022
# Command line: vivado.exe -gui_launcher_event rodinguilauncherevent13436 C:\Users\antho\Documents\Programmes\S4APP1\pb_APP_log_comb_E2022\pb_APP_log_comb.xpr
# Log file: C:/Users/antho/Documents/Programmes/S4APP1/pb_APP_log_comb_E2022/vivado.log
# Journal file: C:/Users/antho/Documents/Programmes/S4APP1/pb_APP_log_comb_E2022\vivado.jou
#-----------------------------------------------------------
start_gui
open_project C:/Users/antho/Documents/Programmes/S4APP1/pb_APP_log_comb_E2022/pb_APP_log_comb.xpr
WARNING: [filemgmt 56-3] Default IP Output Path : Could not find the directory 'C:/Users/antho/Documents/Programmes/S4APP1/pb_APP_log_comb_E2022/pb_APP_log_comb.gen/sources_1'.
Scanning sources...
Finished scanning sources
INFO: [IP_Flow 19-234] Refreshing IP repositories
INFO: [IP_Flow 19-1704] No user IP repositories specified
INFO: [IP_Flow 19-2313] Loaded Vivado IP repository 'C:/Xilinx/Vivado/2020.2/data/ip'.
open_project: Time (s): cpu = 00:00:23 ; elapsed = 00:00:11 . Memory (MB): peak = 1082.410 ; gain = 0.000
exit
INFO: [Common 17-206] Exiting Vivado at Sun May  8 11:02:54 2022...
