#-----------------------------------------------------------
# Vivado v2020.2 (64-bit)
# SW Build 3064766 on Wed Nov 18 09:12:45 MST 2020
# IP Build 3064653 on Wed Nov 18 14:17:31 MST 2020
# Start of session at: Wed May  4 15:11:38 2022
# Process ID: 8224
# Current directory: D:/Users/antho/OneDrive - USherbrooke/UdeS/Session 4/APP1 S4/Problmatique/project_problématique
# Command line: vivado.exe -gui_launcher_event rodinguilauncherevent16664 D:\Users\antho\OneDrive - USherbrooke\UdeS\Session 4\APP1 S4\Problmatique\project_problématique\project_problématique.xpr
# Log file: D:/Users/antho/OneDrive - USherbrooke/UdeS/Session 4/APP1 S4/Problmatique/project_problématique/vivado.log
# Journal file: D:/Users/antho/OneDrive - USherbrooke/UdeS/Session 4/APP1 S4/Problmatique/project_problématique\vivado.jou
#-----------------------------------------------------------
start_gui
open_project {D:/Users/antho/OneDrive - USherbrooke/UdeS/Session 4/APP1 S4/Problmatique/project_problématique/project_problématique.xpr}
INFO: [ProjectBase 1-489] The host OS only allows 260 characters in a normal path. The project is stored in a path with more than 80 characters. If you experience issues with IP, Block Designs, or files not being found, please consider moving the project to a location with a shorter path. Alternately consider using the OS subst command to map part of the path to a drive letter.
Current project path is 'D:/Users/antho/OneDrive - USherbrooke/UdeS/Session 4/APP1 S4/Problmatique/project_problématique'
INFO: [Project 1-313] Project file moved from 'C:/Users/antho/OneDrive - USherbrooke/UdeS/Session 4/APP1 S4/Problmatique/project_problématique' since last save.
WARNING: [filemgmt 56-2] Default IP Output Path : Could not find the directory 'D:/Users/antho/OneDrive - USherbrooke/UdeS/Session 4/APP1 S4/Problmatique/project_problématique/project_problématique.gen/sources_1', nor could it be found using path 'C:/Users/antho/OneDrive - USherbrooke/UdeS/Session 4/APP1 S4/Problmatique/project_problématique/project_problématique.gen/sources_1'.
Scanning sources...
Finished scanning sources
CRITICAL WARNING: [Board 49-67] The board_part definition was not found for digilentinc.com:zybo-z7-10:part0:1.0. This can happen sometimes when you use custom board part. You can resolve this issue by setting 'board.repoPaths' parameter, pointing to the location of custom board files. Valid board_part values can be retrieved with the 'get_board_parts' Tcl command.
INFO: [IP_Flow 19-234] Refreshing IP repositories
INFO: [IP_Flow 19-1704] No user IP repositories specified
INFO: [IP_Flow 19-2313] Loaded Vivado IP repository 'E:/Xilinx/Vivado/2020.2/data/ip'.
open_project: Time (s): cpu = 00:00:17 ; elapsed = 00:00:11 . Memory (MB): peak = 1095.191 ; gain = 0.000
exit
INFO: [Common 17-206] Exiting Vivado at Wed May  4 15:12:50 2022...
