#-----------------------------------------------------------
# Vivado v2020.2 (64-bit)
# SW Build 3064766 on Wed Nov 18 09:12:45 MST 2020
# IP Build 3064653 on Wed Nov 18 14:17:31 MST 2020
# Start of session at: Wed May  4 15:25:21 2022
# Process ID: 6856
# Current directory: C:/Users/antho/OneDrive - USherbrooke/UdeS/Session 4/APP1 S4/Problmatique/project_problématique
# Command line: vivado.exe -gui_launcher_event rodinguilauncherevent13192 C:\Users\antho\OneDrive - USherbrooke\UdeS\Session 4\APP1 S4\Problmatique\project_problématique\project_problématique.xpr
# Log file: C:/Users/antho/OneDrive - USherbrooke/UdeS/Session 4/APP1 S4/Problmatique/project_problématique/vivado.log
# Journal file: C:/Users/antho/OneDrive - USherbrooke/UdeS/Session 4/APP1 S4/Problmatique/project_problématique\vivado.jou
#-----------------------------------------------------------
start_gui
open_project {C:/Users/antho/OneDrive - USherbrooke/UdeS/Session 4/APP1 S4/Problmatique/project_problématique/project_problématique.xpr}
INFO: [ProjectBase 1-489] The host OS only allows 260 characters in a normal path. The project is stored in a path with more than 80 characters. If you experience issues with IP, Block Designs, or files not being found, please consider moving the project to a location with a shorter path. Alternately consider using the OS subst command to map part of the path to a drive letter.
Current project path is 'C:/Users/antho/OneDrive - USherbrooke/UdeS/Session 4/APP1 S4/Problmatique/project_problématique'
WARNING: [filemgmt 56-3] Default IP Output Path : Could not find the directory 'C:/Users/antho/OneDrive - USherbrooke/UdeS/Session 4/APP1 S4/Problmatique/project_problématique/project_problématique.gen/sources_1'.
Scanning sources...
Finished scanning sources
INFO: [IP_Flow 19-234] Refreshing IP repositories
INFO: [IP_Flow 19-1704] No user IP repositories specified
INFO: [IP_Flow 19-2313] Loaded Vivado IP repository 'C:/Xilinx/Vivado/2020.2/data/ip'.
open_project: Time (s): cpu = 00:00:26 ; elapsed = 00:00:13 . Memory (MB): peak = 1078.078 ; gain = 0.000
exit
INFO: [Common 17-206] Exiting Vivado at Wed May  4 15:26:33 2022...
